{
  "stats": {
    "suites": 2,
    "tests": 9,
    "passes": 2,
    "pending": 0,
    "failures": 7,
    "start": "2024-04-05T15:25:21.501Z",
    "end": "2024-04-05T15:25:53.031Z",
    "duration": 31530,
    "testsRegistered": 9,
    "passPercent": 22.22222222222222,
    "pendingPercent": 0,
    "other": 0,
    "hasOther": false,
    "skipped": 0,
    "hasSkipped": false
  },
  "results": [
    {
      "uuid": "620ecb52-7fb5-443b-ac4a-e44a732b5655",
      "title": "",
      "fullFile": "cypress/e2e/frontend/user.cy.js",
      "file": "cypress/e2e/frontend/user.cy.js",
      "beforeHooks": [],
      "afterHooks": [],
      "tests": [],
      "suites": [
        {
          "uuid": "db6507dd-00b2-49c0-9171-cc58090a8864",
          "title": "Page /users/:userId",
          "fullFile": "",
          "file": "",
          "beforeHooks": [],
          "afterHooks": [],
          "tests": [
            {
              "title": "display products",
              "fullTitle": "Page /users/:userId display products",
              "timedOut": null,
              "duration": 54,
              "state": "passed",
              "speed": "fast",
              "pass": true,
              "fail": false,
              "pending": false,
              "context": null,
              "code": "// Note : Test le scénario de récupération et d'affichage des produits\n(0, _orm.createProduct)().then(({\n  product\n}) => {\n  cy.visit(`http://localhost:5173/users/${_tokens.aliceId}`);\n  cy.get(\"[data-test-product]\").should(\"have.length\", 8);\n  cy.get(\"[data-test-product]\").last().find(\"[data-test-product-name]\").should(\"have.text\", product.name).invoke(\"attr\", \"href\").should(\"contain\", product.id);\n  cy.get(\"[data-test-product]\").last().find(\"[data-test-product-description]\").should(\"have.text\", product.description);\n  cy.get(\"[data-test-product]\").last().find(\"[data-test-product-price]\").should(\"contain.text\", product.originalPrice + \" €\");\n  cy.get(\"[data-test-product]\").last().find(\"[data-test-product-picture]\").invoke(\"attr\", \"src\").should(\"eq\", product.pictureUrl);\n});",
              "err": {},
              "uuid": "ce88d081-a4bf-44d2-89d8-6121ac2da327",
              "parentUUID": "db6507dd-00b2-49c0-9171-cc58090a8864",
              "isHook": false,
              "skipped": false
            },
            {
              "title": "display bids",
              "fullTitle": "Page /users/:userId display bids",
              "timedOut": null,
              "duration": 31,
              "state": "passed",
              "speed": "fast",
              "pass": true,
              "fail": false,
              "pending": false,
              "context": null,
              "code": "// Note : Test le scénario de récupération et d'affichage des offres\n(0, _orm.createProduct)(\"futur\", _tokens.bobToken).then(({\n  product\n}) => {\n  (0, _orm.createBid)(product.id, product.originalPrice, _tokens.aliceToken).then(({\n    bid\n  }) => {\n    cy.visit(`http://localhost:5173/users/${_tokens.aliceId}`);\n    cy.get(\"[data-test-bid]\").should(\"exist\");\n    cy.get(`[data-test-bid-product][href$=\"${product.id}\"]`).should(\"exist\").first().closest(\"[data-test-bid]\").then(el => {\n      cy.wrap(el).find(\"[data-test-bid-product]\").should(\"have.text\", product.name);\n      cy.wrap(el).find(\"[data-test-bid-price]\").should(\"have.text\", bid.price + \" €\");\n      cy.wrap(el).find(\"[data-test-bid-date]\").should(\"contain.text\", new Date().getDate()).should(\"contain.text\", new Date().getMonth() + 1).should(\"contain.text\", new Date().getFullYear());\n    });\n  });\n});",
              "err": {},
              "uuid": "2f9dbc15-75cb-4b0e-b5e0-11a390f971ce",
              "parentUUID": "db6507dd-00b2-49c0-9171-cc58090a8864",
              "isHook": false,
              "skipped": false
            },
            {
              "title": "no admin badge",
              "fullTitle": "Page /users/:userId no admin badge",
              "timedOut": null,
              "duration": 4533,
              "state": "failed",
              "speed": null,
              "pass": false,
              "fail": true,
              "pending": false,
              "context": null,
              "code": "// Note : Vérifie qu'un utilisateur a un badge admin si et seulement si il est admin\ncy.visit(`http://localhost:5173/users/${_tokens.aliceId}`);\ncy.get(\"[data-test-admin]\").should(\"not.exist\");\ncy.visit(`http://localhost:5173/users/${_tokens.adminId}`);\ncy.get(\"[data-test-admin]\").should(\"exist\");",
              "err": {
                "message": "AssertionError: Timed out retrying after 4000ms: Expected <span.badge.rounded-pill.bg-primary> not to exist in the DOM, but it was continuously found.",
                "estack": "AssertionError: Timed out retrying after 4000ms: Expected <span.badge.rounded-pill.bg-primary> not to exist in the DOM, but it was continuously found.\n    at Context.eval (webpack://frontend/./cypress/e2e/frontend/user.cy.js:88:32)",
                "diff": null
              },
              "uuid": "cb86bc77-bc45-442e-856e-db949d99cbd4",
              "parentUUID": "db6507dd-00b2-49c0-9171-cc58090a8864",
              "isHook": false,
              "skipped": false
            },
            {
              "title": "loading",
              "fullTitle": "Page /users/:userId loading",
              "timedOut": null,
              "duration": 4364,
              "state": "failed",
              "speed": null,
              "pass": false,
              "fail": true,
              "pending": false,
              "context": null,
              "code": "// Note : Vérifie la présence d'un spinner au chargement\ncy.intercept(`http://localhost:3000/api/users/${_tokens.aliceId}`, {\n  delay: 10000\n});\ncy.visit(`http://localhost:5173/users/${_tokens.aliceId}`);\ncy.get(\"[data-test-loading]\").should(\"exist\");\ncy.get(\"[data-test-view]\").should(\"not.exist\");\ncy.get(\"[data-test-error]\").should(\"not.exist\");",
              "err": {
                "message": "AssertionError: Timed out retrying after 4000ms: Expected <div> not to exist in the DOM, but it was continuously found.",
                "estack": "AssertionError: Timed out retrying after 4000ms: Expected <div> not to exist in the DOM, but it was continuously found.\n    at Context.eval (webpack://frontend/./cypress/e2e/frontend/user.cy.js:105:31)",
                "diff": null
              },
              "uuid": "75d6d501-d04d-425b-afae-5a0e2688a62d",
              "parentUUID": "db6507dd-00b2-49c0-9171-cc58090a8864",
              "isHook": false,
              "skipped": false
            },
            {
              "title": "error",
              "fullTitle": "Page /users/:userId error",
              "timedOut": null,
              "duration": 4338,
              "state": "failed",
              "speed": null,
              "pass": false,
              "fail": true,
              "pending": false,
              "context": null,
              "code": "// Note : Vérifie la présence d'une erreur en cas d'échec de chargement\ncy.intercept(`http://localhost:3000/api/users/${_tokens.aliceId}`, {\n  statusCode: 500\n});\ncy.visit(`http://localhost:5173/users/${_tokens.aliceId}`);\ncy.get(\"[data-test-error]\").should(\"exist\");\ncy.get(\"[data-test-loading]\").should(\"not.exist\");\ncy.get(\"[data-test-view]\").should(\"not.exist\");",
              "err": {
                "message": "AssertionError: Timed out retrying after 4000ms: Expected <div.text-center> not to exist in the DOM, but it was continuously found.",
                "estack": "AssertionError: Timed out retrying after 4000ms: Expected <div.text-center> not to exist in the DOM, but it was continuously found.\n    at Context.eval (webpack://frontend/./cypress/e2e/frontend/user.cy.js:119:34)",
                "diff": null
              },
              "uuid": "3c890ab7-df87-41fe-a846-bdb572134f96",
              "parentUUID": "db6507dd-00b2-49c0-9171-cc58090a8864",
              "isHook": false,
              "skipped": false
            },
            {
              "title": "ready",
              "fullTitle": "Page /users/:userId ready",
              "timedOut": null,
              "duration": 4325,
              "state": "failed",
              "speed": null,
              "pass": false,
              "fail": true,
              "pending": false,
              "context": null,
              "code": "// Note : Vérifie la présence du contenu quand tout s'est bien chargé\ncy.visit(`http://localhost:5173/users/${_tokens.aliceId}`);\ncy.get(\"[data-test-error]\").should(\"not.exist\");\ncy.get(\"[data-test-loading]\").should(\"not.exist\");\ncy.get(\"[data-test-view]\").should(\"exist\");",
              "err": {
                "message": "AssertionError: Timed out retrying after 4000ms: Expected <div.alert.alert-danger.mt-3> not to exist in the DOM, but it was continuously found.",
                "estack": "AssertionError: Timed out retrying after 4000ms: Expected <div.alert.alert-danger.mt-3> not to exist in the DOM, but it was continuously found.\n    at Context.eval (webpack://frontend/./cypress/e2e/frontend/user.cy.js:128:32)",
                "diff": null
              },
              "uuid": "ef2d044a-bb37-4f6a-b0df-b83a1635f5c4",
              "parentUUID": "db6507dd-00b2-49c0-9171-cc58090a8864",
              "isHook": false,
              "skipped": false
            }
          ],
          "suites": [],
          "passes": [
            "ce88d081-a4bf-44d2-89d8-6121ac2da327",
            "2f9dbc15-75cb-4b0e-b5e0-11a390f971ce"
          ],
          "failures": [
            "cb86bc77-bc45-442e-856e-db949d99cbd4",
            "75d6d501-d04d-425b-afae-5a0e2688a62d",
            "3c890ab7-df87-41fe-a846-bdb572134f96",
            "ef2d044a-bb37-4f6a-b0df-b83a1635f5c4"
          ],
          "pending": [],
          "skipped": [],
          "duration": 17645,
          "root": false,
          "rootEmpty": false,
          "_timeout": 2000
        },
        {
          "uuid": "7be7bc1f-7b3d-4ba1-80b1-d8f2795612e5",
          "title": "Page /users/me",
          "fullFile": "",
          "file": "",
          "beforeHooks": [],
          "afterHooks": [],
          "tests": [
            {
              "title": "me as alice",
              "fullTitle": "Page /users/me me as alice",
              "timedOut": null,
              "duration": 4339,
              "state": "failed",
              "speed": null,
              "pass": false,
              "fail": true,
              "pending": false,
              "context": null,
              "code": "// Note : Vérifie que le contenu de la page est bien celui de l'utilisateur courant\ncy.visit(`http://localhost:5173/users/me`, {\n  onBeforeLoad: function (window) {\n    window.localStorage.setItem(\"token\", _tokens.aliceToken);\n  }\n});\ncy.get(\"[data-test-username]\").should(\"contain.text\", \"alice\");\ncy.get(\"[data-test-product]\").should(\"have.length\", 7);",
              "err": {
                "message": "AssertionError: Timed out retrying after 4000ms: expected '<h1.text-center>' to contain text 'alice', but the text was ' Utilisateur charly Admin'",
                "estack": "AssertionError: Timed out retrying after 4000ms: expected '<h1.text-center>' to contain text 'alice', but the text was ' Utilisateur charly Admin'\n    at Context.eval (webpack://frontend/./cypress/e2e/frontend/user.cy.js:144:35)",
                "diff": "- ' Utilisateur charly Admin'\n+ 'alice'\n"
              },
              "uuid": "d3eb2fb6-6848-4cd8-bd2b-b23ff2c29cc9",
              "parentUUID": "7be7bc1f-7b3d-4ba1-80b1-d8f2795612e5",
              "isHook": false,
              "skipped": false
            },
            {
              "title": "me as bob",
              "fullTitle": "Page /users/me me as bob",
              "timedOut": null,
              "duration": 4331,
              "state": "failed",
              "speed": null,
              "pass": false,
              "fail": true,
              "pending": false,
              "context": null,
              "code": "// Note : Vérifie que le contenu de la page est bien celui de l'utilisateur courant\ncy.visit(`http://localhost:5173/users/me`, {\n  onBeforeLoad: function (window) {\n    window.localStorage.setItem(\"token\", _tokens.bobToken);\n  }\n});\ncy.get(\"[data-test-username]\").should(\"contain.text\", \"bob\");\ncy.get(\"[data-test-product]\").should(\"have.length\", 3);",
              "err": {
                "message": "AssertionError: Timed out retrying after 4000ms: expected '<h1.text-center>' to contain text 'bob', but the text was ' Utilisateur charly Admin'",
                "estack": "AssertionError: Timed out retrying after 4000ms: expected '<h1.text-center>' to contain text 'bob', but the text was ' Utilisateur charly Admin'\n    at Context.eval (webpack://frontend/./cypress/e2e/frontend/user.cy.js:157:35)",
                "diff": "- ' Utilisateur charly Admin'\n+ 'bob'\n"
              },
              "uuid": "f782a841-6597-4138-bb33-dc295cefd635",
              "parentUUID": "7be7bc1f-7b3d-4ba1-80b1-d8f2795612e5",
              "isHook": false,
              "skipped": false
            },
            {
              "title": "me as admin",
              "fullTitle": "Page /users/me me as admin",
              "timedOut": null,
              "duration": 4329,
              "state": "failed",
              "speed": null,
              "pass": false,
              "fail": true,
              "pending": false,
              "context": null,
              "code": "// Note : Vérifie que le contenu de la page est bien celui de l'utilisateur courant\ncy.visit(`http://localhost:5173/users/me`, {\n  onBeforeLoad: function (window) {\n    window.localStorage.setItem(\"token\", _tokens.adminToken);\n  }\n});\ncy.get(\"[data-test-username]\").should(\"contain.text\", \"admin\");",
              "err": {
                "message": "AssertionError: Timed out retrying after 4000ms: expected '<h1.text-center>' to contain text 'admin', but the text was ' Utilisateur charly Admin'",
                "estack": "AssertionError: Timed out retrying after 4000ms: expected '<h1.text-center>' to contain text 'admin', but the text was ' Utilisateur charly Admin'\n    at Context.eval (webpack://frontend/./cypress/e2e/frontend/user.cy.js:170:35)",
                "diff": "- ' Utilisateur charly Admin'\n+ 'admin'\n"
              },
              "uuid": "eb738015-d8ac-4038-9303-4859903b74b0",
              "parentUUID": "7be7bc1f-7b3d-4ba1-80b1-d8f2795612e5",
              "isHook": false,
              "skipped": false
            }
          ],
          "suites": [],
          "passes": [],
          "failures": [
            "d3eb2fb6-6848-4cd8-bd2b-b23ff2c29cc9",
            "f782a841-6597-4138-bb33-dc295cefd635",
            "eb738015-d8ac-4038-9303-4859903b74b0"
          ],
          "pending": [],
          "skipped": [],
          "duration": 12999,
          "root": false,
          "rootEmpty": false,
          "_timeout": 2000
        }
      ],
      "passes": [],
      "failures": [],
      "pending": [],
      "skipped": [],
      "duration": 0,
      "root": true,
      "rootEmpty": true,
      "_timeout": 2000
    }
  ],
  "meta": {
    "mocha": {
      "version": "7.0.1"
    },
    "mochawesome": {
      "options": {
        "quiet": false,
        "reportFilename": "mochawesome",
        "saveHtml": false,
        "saveJson": true,
        "consoleReporter": "spec",
        "useInlineDiffs": false,
        "code": true
      },
      "version": "7.1.3"
    },
    "marge": {
      "options": {
        "reportDir": "cypress/results",
        "overwrite": false,
        "html": false,
        "json": true
      },
      "version": "6.2.0"
    }
  }
}