{
  "stats": {
    "suites": 5,
    "tests": 45,
    "passes": 0,
    "pending": 0,
    "failures": 45,
    "testsRegistered": 45,
    "passPercent": 0,
    "pendingPercent": 0,
    "other": 0,
    "hasOther": false,
    "skipped": 0,
    "hasSkipped": false,
    "start": "2024-03-29T14:01:53.410Z",
    "end": "2024-03-29T14:04:08.382Z",
    "duration": 134972
  },
  "results": [
    {
      "uuid": "b6dd837d-7d9d-4f26-9739-21a22d1ecd03",
      "title": "",
      "fullFile": "cypress/e2e/frontend/add-product.cy.js",
      "file": "cypress/e2e/frontend/add-product.cy.js",
      "beforeHooks": [],
      "afterHooks": [],
      "tests": [],
      "suites": [
        {
          "uuid": "68702b39-a36f-43e0-a676-595d6fcbb92d",
          "title": "Page /products/add",
          "fullFile": "",
          "file": "",
          "beforeHooks": [],
          "afterHooks": [],
          "tests": [
            {
              "title": "post product",
              "fullTitle": "Page /products/add post product",
              "timedOut": null,
              "duration": 507,
              "state": "failed",
              "speed": null,
              "pass": false,
              "fail": true,
              "pending": false,
              "context": null,
              "code": "// Note : Test le scénario d'un ajout de produit réussi\ncy.visit(url, {\n  onBeforeLoad: function (window) {\n    window.localStorage.setItem(\"token\", _tokens.aliceToken);\n  }\n});\n(0, _orm.createProduct)().then(({\n  originalProduct,\n  product\n}) => {\n  cy.get(\"[data-test-product-name]\").type(product.name);\n  cy.get(\"[data-test-product-description]\").type(product.description);\n  cy.get(\"[data-test-product-category]\").type(product.category);\n  cy.get(\"[data-test-product-price]\").type(product.originalPrice);\n  cy.get(\"[data-test-product-picture]\").type(\"{selectAll}{del}\");\n  cy.get(\"[data-test-product-picture]\").type(product.pictureUrl);\n  cy.get(\"[data-test-product-end-date]\").type((0, _automate.prepareDateToType)(originalProduct.endDate));\n  cy.intercept(\"POST\", \"http://localhost:3000/api/products\").as(\"postProduct\");\n  cy.get(\"[data-test-submit]\").click();\n  cy.wait(\"@postProduct\").then(interception => {\n    expect(interception.response.statusCode).to.eq(201);\n    const id = interception.response.body.id;\n    cy.url().should(\"contain\", `/products/${id}`);\n  });\n});",
              "err": {
                "message": "CypressError: `cy.request()` failed on:\n\nhttp://localhost:3000/api/products\n\nThe response we received from your web server was:\n\n  > 600: Unknown Status Code\n\nThis was considered a failure because the status code was not `2xx` or `3xx`.\n\nIf you do not want status codes to cause failures pass the option: `failOnStatusCode: false`\n\n-----------------------------------------------------------\n\nThe request we sent was:\n\nMethod: POST\nURL: http://localhost:3000/api/products\nHeaders: {\n  \"Connection\": \"keep-alive\",\n  \"Authorization\": \"Bearer eyJhbGciOiJIUzI1NiIsInR5cCI6IkpXVCJ9.eyJpZCI6IjFmMmZhZGIxLTBkN2UtNDdhNy05ZDViLWVkMDMxZDY2NWQzZSIsInVzZXJuYW1lIjoiYWxpY2UiLCJlbWFpbCI6ImFsaWNlQGV4YW1wbGUuY29tIiwiYWRtaW4iOmZhbHNlLCJpYXQiOjE2Nzk2MTMwMzh9.KcT42jbNXfNR-0I-bTc_qNdAuCid640tXpkzUtDCoao\",\n  \"user-agent\": \"Mozilla/5.0 (Macintosh; Intel Mac OS X 10_15_7) AppleWebKit/537.36 (KHTML, like Gecko) Cypress/13.7.0 Chrome/118.0.5993.159 Electron/27.1.3 Safari/537.36\",\n  \"accept\": \"*/*\",\n  \"accept-encoding\": \"gzip, deflate\",\n  \"content-type\": \"application/json\",\n  \"content-length\": 240\n}\nBody: {\"name\":\"Aa Lpsum consectetur sit\",\"description\":\"At aliqua et adipiscing dolor dolore eiusmod do dolore ut\",\"category\":\"consectetur\",\"originalPrice\":6,\"pictureUrl\":\"https://picsum.photos/id/85/512/512\",\"endDate\":\"2024-04-02T14:01:54.243Z\"}\n\n-----------------------------------------------------------\n\nThe response we got was:\n\nStatus: 600 - Unknown Status Code\nHeaders: {\n  \"x-powered-by\": \"Express\",\n  \"access-control-allow-origin\": \"*\",\n  \"date\": \"Fri, 29 Mar 2024 14:01:54 GMT\",\n  \"connection\": \"keep-alive\",\n  \"keep-alive\": \"timeout=5\",\n  \"content-length\": \"0\"\n}\n\n\nhttps://on.cypress.io/request",
                "estack": "CypressError: `cy.request()` failed on:\n\nhttp://localhost:3000/api/products\n\nThe response we received from your web server was:\n\n  > 600: Unknown Status Code\n\nThis was considered a failure because the status code was not `2xx` or `3xx`.\n\nIf you do not want status codes to cause failures pass the option: `failOnStatusCode: false`\n\n-----------------------------------------------------------\n\nThe request we sent was:\n\nMethod: POST\nURL: http://localhost:3000/api/products\nHeaders: {\n  \"Connection\": \"keep-alive\",\n  \"Authorization\": \"Bearer eyJhbGciOiJIUzI1NiIsInR5cCI6IkpXVCJ9.eyJpZCI6IjFmMmZhZGIxLTBkN2UtNDdhNy05ZDViLWVkMDMxZDY2NWQzZSIsInVzZXJuYW1lIjoiYWxpY2UiLCJlbWFpbCI6ImFsaWNlQGV4YW1wbGUuY29tIiwiYWRtaW4iOmZhbHNlLCJpYXQiOjE2Nzk2MTMwMzh9.KcT42jbNXfNR-0I-bTc_qNdAuCid640tXpkzUtDCoao\",\n  \"user-agent\": \"Mozilla/5.0 (Macintosh; Intel Mac OS X 10_15_7) AppleWebKit/537.36 (KHTML, like Gecko) Cypress/13.7.0 Chrome/118.0.5993.159 Electron/27.1.3 Safari/537.36\",\n  \"accept\": \"*/*\",\n  \"accept-encoding\": \"gzip, deflate\",\n  \"content-type\": \"application/json\",\n  \"content-length\": 240\n}\nBody: {\"name\":\"Aa Lpsum consectetur sit\",\"description\":\"At aliqua et adipiscing dolor dolore eiusmod do dolore ut\",\"category\":\"consectetur\",\"originalPrice\":6,\"pictureUrl\":\"https://picsum.photos/id/85/512/512\",\"endDate\":\"2024-04-02T14:01:54.243Z\"}\n\n-----------------------------------------------------------\n\nThe response we got was:\n\nStatus: 600 - Unknown Status Code\nHeaders: {\n  \"x-powered-by\": \"Express\",\n  \"access-control-allow-origin\": \"*\",\n  \"date\": \"Fri, 29 Mar 2024 14:01:54 GMT\",\n  \"connection\": \"keep-alive\",\n  \"keep-alive\": \"timeout=5\",\n  \"content-length\": \"0\"\n}\n\n\nhttps://on.cypress.io/request\n    at <unknown> (http://localhost:5173/__cypress/runner/cypress_runner.js:133123:72)\n    at tryCatcher (http://localhost:5173/__cypress/runner/cypress_runner.js:1807:23)\n    at Promise._settlePromiseFromHandler (http://localhost:5173/__cypress/runner/cypress_runner.js:1519:31)\n    at Promise._settlePromise (http://localhost:5173/__cypress/runner/cypress_runner.js:1576:18)\n    at Promise._settlePromise0 (http://localhost:5173/__cypress/runner/cypress_runner.js:1621:10)\n    at Promise._settlePromises (http://localhost:5173/__cypress/runner/cypress_runner.js:1701:18)\n    at _drainQueueStep (http://localhost:5173/__cypress/runner/cypress_runner.js:2407:12)\n    at _drainQueue (http://localhost:5173/__cypress/runner/cypress_runner.js:2400:9)\n    at Async._drainQueues (http://localhost:5173/__cypress/runner/cypress_runner.js:2416:5)\n    at Async.drainQueues (http://localhost:5173/__cypress/runner/cypress_runner.js:2286:14)\nFrom Your Spec Code:\n    at eval (webpack://frontend/./cypress/e2e/common/orm.js:37:7)\nat new Promise (<anonymous>)\n    at createProduct (webpack://frontend/./cypress/e2e/common/orm.js:36:9)\n    at Context.eval (webpack://frontend/./cypress/e2e/frontend/add-product.cy.js:21:18)",
                "diff": null
              },
              "uuid": "7465855b-1fa6-4890-aac6-d9251c26392a",
              "parentUUID": "68702b39-a36f-43e0-a676-595d6fcbb92d",
              "isHook": false,
              "skipped": false
            },
            {
              "title": "display spinner",
              "fullTitle": "Page /products/add display spinner",
              "timedOut": null,
              "duration": 308,
              "state": "failed",
              "speed": null,
              "pass": false,
              "fail": true,
              "pending": false,
              "context": null,
              "code": "// Note : Test la présence d'un spinner lors de l'envoi de la requête\ncy.visit(url, {\n  onBeforeLoad: function (window) {\n    window.localStorage.setItem(\"token\", _tokens.aliceToken);\n  }\n});\n(0, _orm.createProduct)().then(({\n  originalProduct,\n  product\n}) => {\n  cy.get(\"[data-test-product-name]\").type(product.name);\n  cy.get(\"[data-test-product-description]\").type(product.description);\n  cy.get(\"[data-test-product-category]\").type(product.category);\n  cy.get(\"[data-test-product-price]\").type(product.originalPrice);\n  cy.get(\"[data-test-product-picture]\").type(\"{selectAll}{del}\");\n  cy.get(\"[data-test-product-picture]\").type(product.pictureUrl);\n  cy.get(\"[data-test-product-end-date]\").type((0, _automate.prepareDateToType)(originalProduct.endDate));\n  cy.intercept(\"POST\", \"http://localhost:3000/api/products\", {\n    delay: 2000\n  }).as(\"postProduct\");\n  cy.get(\"[data-test-submit]\").click();\n  cy.get(\"[data-test-submit]\").should(\"have.attr\", \"disabled\");\n  cy.get(\"[data-test-spinner]\").should(\"exist\");\n});",
              "err": {
                "message": "CypressError: `cy.request()` failed on:\n\nhttp://localhost:3000/api/products\n\nThe response we received from your web server was:\n\n  > 600: Unknown Status Code\n\nThis was considered a failure because the status code was not `2xx` or `3xx`.\n\nIf you do not want status codes to cause failures pass the option: `failOnStatusCode: false`\n\n-----------------------------------------------------------\n\nThe request we sent was:\n\nMethod: POST\nURL: http://localhost:3000/api/products\nHeaders: {\n  \"Connection\": \"keep-alive\",\n  \"Authorization\": \"Bearer eyJhbGciOiJIUzI1NiIsInR5cCI6IkpXVCJ9.eyJpZCI6IjFmMmZhZGIxLTBkN2UtNDdhNy05ZDViLWVkMDMxZDY2NWQzZSIsInVzZXJuYW1lIjoiYWxpY2UiLCJlbWFpbCI6ImFsaWNlQGV4YW1wbGUuY29tIiwiYWRtaW4iOmZhbHNlLCJpYXQiOjE2Nzk2MTMwMzh9.KcT42jbNXfNR-0I-bTc_qNdAuCid640tXpkzUtDCoao\",\n  \"user-agent\": \"Mozilla/5.0 (Macintosh; Intel Mac OS X 10_15_7) AppleWebKit/537.36 (KHTML, like Gecko) Cypress/13.7.0 Chrome/118.0.5993.159 Electron/27.1.3 Safari/537.36\",\n  \"accept\": \"*/*\",\n  \"accept-encoding\": \"gzip, deflate\",\n  \"content-type\": \"application/json\",\n  \"content-length\": 246\n}\nBody: {\"name\":\"Aa Et lorem labore\",\"description\":\"Lncididunt adipiscing labore elit eiusmod magna incididunt dolor amet elit\",\"category\":\"ipsum\",\"originalPrice\":10,\"pictureUrl\":\"https://picsum.photos/id/19/512/512\",\"endDate\":\"2024-04-05T14:01:54.827Z\"}\n\n-----------------------------------------------------------\n\nThe response we got was:\n\nStatus: 600 - Unknown Status Code\nHeaders: {\n  \"x-powered-by\": \"Express\",\n  \"access-control-allow-origin\": \"*\",\n  \"date\": \"Fri, 29 Mar 2024 14:01:54 GMT\",\n  \"connection\": \"keep-alive\",\n  \"keep-alive\": \"timeout=5\",\n  \"content-length\": \"0\"\n}\n\n\nhttps://on.cypress.io/request",
                "estack": "CypressError: `cy.request()` failed on:\n\nhttp://localhost:3000/api/products\n\nThe response we received from your web server was:\n\n  > 600: Unknown Status Code\n\nThis was considered a failure because the status code was not `2xx` or `3xx`.\n\nIf you do not want status codes to cause failures pass the option: `failOnStatusCode: false`\n\n-----------------------------------------------------------\n\nThe request we sent was:\n\nMethod: POST\nURL: http://localhost:3000/api/products\nHeaders: {\n  \"Connection\": \"keep-alive\",\n  \"Authorization\": \"Bearer eyJhbGciOiJIUzI1NiIsInR5cCI6IkpXVCJ9.eyJpZCI6IjFmMmZhZGIxLTBkN2UtNDdhNy05ZDViLWVkMDMxZDY2NWQzZSIsInVzZXJuYW1lIjoiYWxpY2UiLCJlbWFpbCI6ImFsaWNlQGV4YW1wbGUuY29tIiwiYWRtaW4iOmZhbHNlLCJpYXQiOjE2Nzk2MTMwMzh9.KcT42jbNXfNR-0I-bTc_qNdAuCid640tXpkzUtDCoao\",\n  \"user-agent\": \"Mozilla/5.0 (Macintosh; Intel Mac OS X 10_15_7) AppleWebKit/537.36 (KHTML, like Gecko) Cypress/13.7.0 Chrome/118.0.5993.159 Electron/27.1.3 Safari/537.36\",\n  \"accept\": \"*/*\",\n  \"accept-encoding\": \"gzip, deflate\",\n  \"content-type\": \"application/json\",\n  \"content-length\": 246\n}\nBody: {\"name\":\"Aa Et lorem labore\",\"description\":\"Lncididunt adipiscing labore elit eiusmod magna incididunt dolor amet elit\",\"category\":\"ipsum\",\"originalPrice\":10,\"pictureUrl\":\"https://picsum.photos/id/19/512/512\",\"endDate\":\"2024-04-05T14:01:54.827Z\"}\n\n-----------------------------------------------------------\n\nThe response we got was:\n\nStatus: 600 - Unknown Status Code\nHeaders: {\n  \"x-powered-by\": \"Express\",\n  \"access-control-allow-origin\": \"*\",\n  \"date\": \"Fri, 29 Mar 2024 14:01:54 GMT\",\n  \"connection\": \"keep-alive\",\n  \"keep-alive\": \"timeout=5\",\n  \"content-length\": \"0\"\n}\n\n\nhttps://on.cypress.io/request\n    at <unknown> (http://localhost:5173/__cypress/runner/cypress_runner.js:133123:72)\n    at tryCatcher (http://localhost:5173/__cypress/runner/cypress_runner.js:1807:23)\n    at Promise._settlePromiseFromHandler (http://localhost:5173/__cypress/runner/cypress_runner.js:1519:31)\n    at Promise._settlePromise (http://localhost:5173/__cypress/runner/cypress_runner.js:1576:18)\n    at Promise._settlePromise0 (http://localhost:5173/__cypress/runner/cypress_runner.js:1621:10)\n    at Promise._settlePromises (http://localhost:5173/__cypress/runner/cypress_runner.js:1701:18)\n    at _drainQueueStep (http://localhost:5173/__cypress/runner/cypress_runner.js:2407:12)\n    at _drainQueue (http://localhost:5173/__cypress/runner/cypress_runner.js:2400:9)\n    at Async._drainQueues (http://localhost:5173/__cypress/runner/cypress_runner.js:2416:5)\n    at Async.drainQueues (http://localhost:5173/__cypress/runner/cypress_runner.js:2286:14)\nFrom Your Spec Code:\n    at eval (webpack://frontend/./cypress/e2e/common/orm.js:37:7)\nat new Promise (<anonymous>)\n    at createProduct (webpack://frontend/./cypress/e2e/common/orm.js:36:9)\n    at Context.eval (webpack://frontend/./cypress/e2e/frontend/add-product.cy.js:57:18)",
                "diff": null
              },
              "uuid": "a0d125ef-a959-41fa-bd4d-b25898005eef",
              "parentUUID": "68702b39-a36f-43e0-a676-595d6fcbb92d",
              "isHook": false,
              "skipped": false
            },
            {
              "title": "display error",
              "fullTitle": "Page /products/add display error",
              "timedOut": null,
              "duration": 4274,
              "state": "failed",
              "speed": null,
              "pass": false,
              "fail": true,
              "pending": false,
              "context": null,
              "code": "// Note : Test le scénario d'un ajout de produit avec un échec\ncy.visit(url, {\n  onBeforeLoad: function (window) {\n    window.localStorage.setItem(\"token\", _tokens.aliceToken);\n  }\n});\ncy.get(\"[data-test-error]\").should(\"not.exist\");\n(0, _orm.createProduct)().then(({\n  originalProduct,\n  product\n}) => {\n  cy.get(\"[data-test-product-name]\").type(product.name);\n  cy.get(\"[data-test-product-description]\").type(product.description);\n  cy.get(\"[data-test-product-category]\").type(product.category);\n  cy.get(\"[data-test-product-price]\").type(product.originalPrice);\n  cy.get(\"[data-test-product-picture]\").type(\"{selectAll}{del}\");\n  cy.get(\"[data-test-product-picture]\").type(product.pictureUrl);\n  cy.get(\"[data-test-product-end-date]\").type((0, _automate.prepareDateToType)(originalProduct.endDate));\n  cy.intercept(\"POST\", \"http://localhost:3000/api/products\", {\n    statusCode: 500\n  }).as(\"postProduct\");\n  cy.get(\"[data-test-submit]\").click();\n  cy.get(\"[data-test-error]\").should(\"exist\");\n});",
              "err": {
                "message": "AssertionError: Timed out retrying after 4000ms: Expected <div.alert.alert-danger.mt-4> not to exist in the DOM, but it was continuously found.",
                "estack": "AssertionError: Timed out retrying after 4000ms: Expected <div.alert.alert-danger.mt-4> not to exist in the DOM, but it was continuously found.\n    at Context.eval (webpack://frontend/./cypress/e2e/frontend/add-product.cy.js:86:32)",
                "diff": null
              },
              "uuid": "6a9c6312-90e7-4ba0-9df0-9629a879b775",
              "parentUUID": "68702b39-a36f-43e0-a676-595d6fcbb92d",
              "isHook": false,
              "skipped": false
            }
          ],
          "suites": [],
          "passes": [],
          "failures": [
            "7465855b-1fa6-4890-aac6-d9251c26392a",
            "a0d125ef-a959-41fa-bd4d-b25898005eef",
            "6a9c6312-90e7-4ba0-9df0-9629a879b775"
          ],
          "pending": [],
          "skipped": [],
          "duration": 5089,
          "root": false,
          "rootEmpty": false,
          "_timeout": 2000
        }
      ],
      "passes": [],
      "failures": [],
      "pending": [],
      "skipped": [],
      "duration": 0,
      "root": true,
      "rootEmpty": true,
      "_timeout": 2000
    },
    {
      "uuid": "f2e0ff3e-2e4e-4960-9f89-622c1e2181ef",
      "title": "",
      "fullFile": "cypress/e2e/frontend/edit-product.cy.js",
      "file": "cypress/e2e/frontend/edit-product.cy.js",
      "beforeHooks": [],
      "afterHooks": [],
      "tests": [],
      "suites": [
        {
          "uuid": "57a473b1-355c-4071-ba31-bac31cb3d2ab",
          "title": "Page /products/:productId/edit",
          "fullFile": "",
          "file": "",
          "beforeHooks": [],
          "afterHooks": [],
          "tests": [
            {
              "title": "post product",
              "fullTitle": "Page /products/:productId/edit post product",
              "timedOut": null,
              "duration": 241,
              "state": "failed",
              "speed": null,
              "pass": false,
              "fail": true,
              "pending": false,
              "context": null,
              "code": "(0, _orm.createProduct)().then(({\n  product\n}) => {\n  // Note : Test le scénario de modification de produit réussi\n  cy.visit(`http://localhost:5173/products/${product.id}/edit`, {\n    onBeforeLoad: function (window) {\n      window.localStorage.setItem(\"token\", _tokens.aliceToken);\n    }\n  });\n  const newProduct = (0, _orm.buildProduct)();\n  cy.get(\"[data-test-product-name]\").type(\"{selectAll}{del}\");\n  cy.get(\"[data-test-product-name]\").type(newProduct.name);\n  cy.get(\"[data-test-product-description]\").type(\"{selectAll}{del}\");\n  cy.get(\"[data-test-product-description]\").type(newProduct.description);\n  cy.get(\"[data-test-product-category]\").type(\"{selectAll}{del}\");\n  cy.get(\"[data-test-product-category]\").type(newProduct.category);\n  cy.get(\"[data-test-product-price]\").type(\"{selectAll}{del}\");\n  cy.get(\"[data-test-product-price]\").type(newProduct.originalPrice);\n  cy.get(\"[data-test-product-picture]\").type(\"{selectAll}{del}\");\n  cy.get(\"[data-test-product-picture]\").type(newProduct.pictureUrl);\n  cy.get(\"[data-test-product-end-date]\").type(\"{selectAll}{del}\");\n  cy.get(\"[data-test-product-end-date]\").type((0, _automate.prepareDateToType)(newProduct.endDate));\n  cy.intercept(\"PUT\", \"http://localhost:3000/api/products/\" + product.id).as(\"putProduct\");\n  cy.get(\"[data-test-submit]\").click();\n  cy.wait(\"@putProduct\").then(interception => {\n    expect(interception.response.statusCode).to.eq(200);\n    const id = interception.response.body.id;\n    cy.url().should(\"contain\", `/products/${id}`);\n  });\n});",
              "err": {
                "message": "CypressError: `cy.request()` failed on:\n\nhttp://localhost:3000/api/products\n\nThe response we received from your web server was:\n\n  > 600: Unknown Status Code\n\nThis was considered a failure because the status code was not `2xx` or `3xx`.\n\nIf you do not want status codes to cause failures pass the option: `failOnStatusCode: false`\n\n-----------------------------------------------------------\n\nThe request we sent was:\n\nMethod: POST\nURL: http://localhost:3000/api/products\nHeaders: {\n  \"Connection\": \"keep-alive\",\n  \"Authorization\": \"Bearer eyJhbGciOiJIUzI1NiIsInR5cCI6IkpXVCJ9.eyJpZCI6IjFmMmZhZGIxLTBkN2UtNDdhNy05ZDViLWVkMDMxZDY2NWQzZSIsInVzZXJuYW1lIjoiYWxpY2UiLCJlbWFpbCI6ImFsaWNlQGV4YW1wbGUuY29tIiwiYWRtaW4iOmZhbHNlLCJpYXQiOjE2Nzk2MTMwMzh9.KcT42jbNXfNR-0I-bTc_qNdAuCid640tXpkzUtDCoao\",\n  \"user-agent\": \"Mozilla/5.0 (Macintosh; Intel Mac OS X 10_15_7) AppleWebKit/537.36 (KHTML, like Gecko) Cypress/13.7.0 Chrome/118.0.5993.159 Electron/27.1.3 Safari/537.36\",\n  \"accept\": \"*/*\",\n  \"accept-encoding\": \"gzip, deflate\",\n  \"content-type\": \"application/json\",\n  \"content-length\": 226\n}\nBody: {\"name\":\"Aa Dpsum tempor ut\",\"description\":\"Imet et et adipiscing lorem dolore sit labore aliqua elit\",\"category\":\"do\",\"originalPrice\":77,\"pictureUrl\":\"https://picsum.photos/id/22/512/512\",\"endDate\":\"2024-04-03T14:02:00.356Z\"}\n\n-----------------------------------------------------------\n\nThe response we got was:\n\nStatus: 600 - Unknown Status Code\nHeaders: {\n  \"x-powered-by\": \"Express\",\n  \"access-control-allow-origin\": \"*\",\n  \"date\": \"Fri, 29 Mar 2024 14:02:00 GMT\",\n  \"connection\": \"keep-alive\",\n  \"keep-alive\": \"timeout=5\",\n  \"content-length\": \"0\"\n}\n\n\nhttps://on.cypress.io/request",
                "estack": "CypressError: `cy.request()` failed on:\n\nhttp://localhost:3000/api/products\n\nThe response we received from your web server was:\n\n  > 600: Unknown Status Code\n\nThis was considered a failure because the status code was not `2xx` or `3xx`.\n\nIf you do not want status codes to cause failures pass the option: `failOnStatusCode: false`\n\n-----------------------------------------------------------\n\nThe request we sent was:\n\nMethod: POST\nURL: http://localhost:3000/api/products\nHeaders: {\n  \"Connection\": \"keep-alive\",\n  \"Authorization\": \"Bearer eyJhbGciOiJIUzI1NiIsInR5cCI6IkpXVCJ9.eyJpZCI6IjFmMmZhZGIxLTBkN2UtNDdhNy05ZDViLWVkMDMxZDY2NWQzZSIsInVzZXJuYW1lIjoiYWxpY2UiLCJlbWFpbCI6ImFsaWNlQGV4YW1wbGUuY29tIiwiYWRtaW4iOmZhbHNlLCJpYXQiOjE2Nzk2MTMwMzh9.KcT42jbNXfNR-0I-bTc_qNdAuCid640tXpkzUtDCoao\",\n  \"user-agent\": \"Mozilla/5.0 (Macintosh; Intel Mac OS X 10_15_7) AppleWebKit/537.36 (KHTML, like Gecko) Cypress/13.7.0 Chrome/118.0.5993.159 Electron/27.1.3 Safari/537.36\",\n  \"accept\": \"*/*\",\n  \"accept-encoding\": \"gzip, deflate\",\n  \"content-type\": \"application/json\",\n  \"content-length\": 226\n}\nBody: {\"name\":\"Aa Dpsum tempor ut\",\"description\":\"Imet et et adipiscing lorem dolore sit labore aliqua elit\",\"category\":\"do\",\"originalPrice\":77,\"pictureUrl\":\"https://picsum.photos/id/22/512/512\",\"endDate\":\"2024-04-03T14:02:00.356Z\"}\n\n-----------------------------------------------------------\n\nThe response we got was:\n\nStatus: 600 - Unknown Status Code\nHeaders: {\n  \"x-powered-by\": \"Express\",\n  \"access-control-allow-origin\": \"*\",\n  \"date\": \"Fri, 29 Mar 2024 14:02:00 GMT\",\n  \"connection\": \"keep-alive\",\n  \"keep-alive\": \"timeout=5\",\n  \"content-length\": \"0\"\n}\n\n\nhttps://on.cypress.io/request\n    at <unknown> (http://localhost:57590/__cypress/runner/cypress_runner.js:133123:72)\n    at tryCatcher (http://localhost:57590/__cypress/runner/cypress_runner.js:1807:23)\n    at Promise._settlePromiseFromHandler (http://localhost:57590/__cypress/runner/cypress_runner.js:1519:31)\n    at Promise._settlePromise (http://localhost:57590/__cypress/runner/cypress_runner.js:1576:18)\n    at Promise._settlePromise0 (http://localhost:57590/__cypress/runner/cypress_runner.js:1621:10)\n    at Promise._settlePromises (http://localhost:57590/__cypress/runner/cypress_runner.js:1701:18)\n    at _drainQueueStep (http://localhost:57590/__cypress/runner/cypress_runner.js:2407:12)\n    at _drainQueue (http://localhost:57590/__cypress/runner/cypress_runner.js:2400:9)\n    at Async._drainQueues (http://localhost:57590/__cypress/runner/cypress_runner.js:2416:5)\n    at Async.drainQueues (http://localhost:57590/__cypress/runner/cypress_runner.js:2286:14)\nFrom Your Spec Code:\n    at eval (webpack://frontend/./cypress/e2e/common/orm.js:37:7)\nat new Promise (<anonymous>)\n    at createProduct (webpack://frontend/./cypress/e2e/common/orm.js:36:9)\n    at Context.eval (webpack://frontend/./cypress/e2e/frontend/edit-product.cy.js:11:18)",
                "diff": null
              },
              "uuid": "89bd57ad-4982-465d-9eb9-0d26ccd68486",
              "parentUUID": "57a473b1-355c-4071-ba31-bac31cb3d2ab",
              "isHook": false,
              "skipped": false
            },
            {
              "title": "display spinner",
              "fullTitle": "Page /products/:productId/edit display spinner",
              "timedOut": null,
              "duration": 187,
              "state": "failed",
              "speed": null,
              "pass": false,
              "fail": true,
              "pending": false,
              "context": null,
              "code": "// Note : Test la présence d'un spinner lors de l'envoi de la requête\n(0, _orm.createProduct)().then(({\n  product\n}) => {\n  cy.visit(`http://localhost:5173/products/${product.id}/edit`, {\n    onBeforeLoad: function (window) {\n      window.localStorage.setItem(\"token\", _tokens.aliceToken);\n    }\n  });\n  const newProduct = (0, _orm.buildProduct)();\n  cy.get(\"[data-test-product-name]\").type(\"{selectAll}{del}\");\n  cy.get(\"[data-test-product-name]\").type(newProduct.name);\n  cy.get(\"[data-test-product-description]\").type(\"{selectAll}{del}\");\n  cy.get(\"[data-test-product-description]\").type(newProduct.description);\n  cy.get(\"[data-test-product-category]\").type(\"{selectAll}{del}\");\n  cy.get(\"[data-test-product-category]\").type(newProduct.category);\n  cy.get(\"[data-test-product-price]\").type(\"{selectAll}{del}\");\n  cy.get(\"[data-test-product-price]\").type(newProduct.originalPrice);\n  cy.get(\"[data-test-product-picture]\").type(\"{selectAll}{del}\");\n  cy.get(\"[data-test-product-picture]\").type(newProduct.pictureUrl);\n  cy.get(\"[data-test-product-end-date]\").type(\"{selectAll}{del}\");\n  cy.get(\"[data-test-product-end-date]\").type((0, _automate.prepareDateToType)(newProduct.endDate));\n  cy.intercept(\"PUT\", \"http://localhost:3000/api/products/\" + product.id, {\n    delay: 2000\n  }).as(\"putProduct\");\n  cy.get(\"[data-test-submit]\").click();\n  cy.get(\"[data-test-submit]\").should(\"have.attr\", \"disabled\");\n  cy.get(\"[data-test-spinner]\").should(\"exist\");\n});",
              "err": {
                "message": "CypressError: `cy.request()` failed on:\n\nhttp://localhost:3000/api/products\n\nThe response we received from your web server was:\n\n  > 600: Unknown Status Code\n\nThis was considered a failure because the status code was not `2xx` or `3xx`.\n\nIf you do not want status codes to cause failures pass the option: `failOnStatusCode: false`\n\n-----------------------------------------------------------\n\nThe request we sent was:\n\nMethod: POST\nURL: http://localhost:3000/api/products\nHeaders: {\n  \"Connection\": \"keep-alive\",\n  \"Authorization\": \"Bearer eyJhbGciOiJIUzI1NiIsInR5cCI6IkpXVCJ9.eyJpZCI6IjFmMmZhZGIxLTBkN2UtNDdhNy05ZDViLWVkMDMxZDY2NWQzZSIsInVzZXJuYW1lIjoiYWxpY2UiLCJlbWFpbCI6ImFsaWNlQGV4YW1wbGUuY29tIiwiYWRtaW4iOmZhbHNlLCJpYXQiOjE2Nzk2MTMwMzh9.KcT42jbNXfNR-0I-bTc_qNdAuCid640tXpkzUtDCoao\",\n  \"user-agent\": \"Mozilla/5.0 (Macintosh; Intel Mac OS X 10_15_7) AppleWebKit/537.36 (KHTML, like Gecko) Cypress/13.7.0 Chrome/118.0.5993.159 Electron/27.1.3 Safari/537.36\",\n  \"accept\": \"*/*\",\n  \"accept-encoding\": \"gzip, deflate\",\n  \"content-type\": \"application/json\",\n  \"content-length\": 244\n}\nBody: {\"name\":\"Aa Tonsectetur dolor consectetur\",\"description\":\"Eolor magna do aliqua dolore adipiscing sit sed ipsum dolor\",\"category\":\"amet\",\"originalPrice\":29,\"pictureUrl\":\"https://picsum.photos/id/75/512/512\",\"endDate\":\"2024-03-30T14:02:00.585Z\"}\n\n-----------------------------------------------------------\n\nThe response we got was:\n\nStatus: 600 - Unknown Status Code\nHeaders: {\n  \"x-powered-by\": \"Express\",\n  \"access-control-allow-origin\": \"*\",\n  \"date\": \"Fri, 29 Mar 2024 14:02:00 GMT\",\n  \"connection\": \"keep-alive\",\n  \"keep-alive\": \"timeout=5\",\n  \"content-length\": \"0\"\n}\n\n\nhttps://on.cypress.io/request",
                "estack": "CypressError: `cy.request()` failed on:\n\nhttp://localhost:3000/api/products\n\nThe response we received from your web server was:\n\n  > 600: Unknown Status Code\n\nThis was considered a failure because the status code was not `2xx` or `3xx`.\n\nIf you do not want status codes to cause failures pass the option: `failOnStatusCode: false`\n\n-----------------------------------------------------------\n\nThe request we sent was:\n\nMethod: POST\nURL: http://localhost:3000/api/products\nHeaders: {\n  \"Connection\": \"keep-alive\",\n  \"Authorization\": \"Bearer eyJhbGciOiJIUzI1NiIsInR5cCI6IkpXVCJ9.eyJpZCI6IjFmMmZhZGIxLTBkN2UtNDdhNy05ZDViLWVkMDMxZDY2NWQzZSIsInVzZXJuYW1lIjoiYWxpY2UiLCJlbWFpbCI6ImFsaWNlQGV4YW1wbGUuY29tIiwiYWRtaW4iOmZhbHNlLCJpYXQiOjE2Nzk2MTMwMzh9.KcT42jbNXfNR-0I-bTc_qNdAuCid640tXpkzUtDCoao\",\n  \"user-agent\": \"Mozilla/5.0 (Macintosh; Intel Mac OS X 10_15_7) AppleWebKit/537.36 (KHTML, like Gecko) Cypress/13.7.0 Chrome/118.0.5993.159 Electron/27.1.3 Safari/537.36\",\n  \"accept\": \"*/*\",\n  \"accept-encoding\": \"gzip, deflate\",\n  \"content-type\": \"application/json\",\n  \"content-length\": 244\n}\nBody: {\"name\":\"Aa Tonsectetur dolor consectetur\",\"description\":\"Eolor magna do aliqua dolore adipiscing sit sed ipsum dolor\",\"category\":\"amet\",\"originalPrice\":29,\"pictureUrl\":\"https://picsum.photos/id/75/512/512\",\"endDate\":\"2024-03-30T14:02:00.585Z\"}\n\n-----------------------------------------------------------\n\nThe response we got was:\n\nStatus: 600 - Unknown Status Code\nHeaders: {\n  \"x-powered-by\": \"Express\",\n  \"access-control-allow-origin\": \"*\",\n  \"date\": \"Fri, 29 Mar 2024 14:02:00 GMT\",\n  \"connection\": \"keep-alive\",\n  \"keep-alive\": \"timeout=5\",\n  \"content-length\": \"0\"\n}\n\n\nhttps://on.cypress.io/request\n    at <unknown> (http://localhost:57590/__cypress/runner/cypress_runner.js:133123:72)\n    at tryCatcher (http://localhost:57590/__cypress/runner/cypress_runner.js:1807:23)\n    at Promise._settlePromiseFromHandler (http://localhost:57590/__cypress/runner/cypress_runner.js:1519:31)\n    at Promise._settlePromise (http://localhost:57590/__cypress/runner/cypress_runner.js:1576:18)\n    at Promise._settlePromise0 (http://localhost:57590/__cypress/runner/cypress_runner.js:1621:10)\n    at Promise._settlePromises (http://localhost:57590/__cypress/runner/cypress_runner.js:1701:18)\n    at _drainQueueStep (http://localhost:57590/__cypress/runner/cypress_runner.js:2407:12)\n    at _drainQueue (http://localhost:57590/__cypress/runner/cypress_runner.js:2400:9)\n    at Async._drainQueues (http://localhost:57590/__cypress/runner/cypress_runner.js:2416:5)\n    at Async.drainQueues (http://localhost:57590/__cypress/runner/cypress_runner.js:2286:14)\nFrom Your Spec Code:\n    at eval (webpack://frontend/./cypress/e2e/common/orm.js:37:7)\nat new Promise (<anonymous>)\n    at createProduct (webpack://frontend/./cypress/e2e/common/orm.js:36:9)\n    at Context.eval (webpack://frontend/./cypress/e2e/frontend/edit-product.cy.js:57:18)",
                "diff": null
              },
              "uuid": "7c17cbe8-776b-4bfb-acb0-5904e1f86954",
              "parentUUID": "57a473b1-355c-4071-ba31-bac31cb3d2ab",
              "isHook": false,
              "skipped": false
            },
            {
              "title": "display error",
              "fullTitle": "Page /products/:productId/edit display error",
              "timedOut": null,
              "duration": 204,
              "state": "failed",
              "speed": null,
              "pass": false,
              "fail": true,
              "pending": false,
              "context": null,
              "code": "// Note : Test le scénario d'un ajout de produit avec un échec\n(0, _orm.createProduct)().then(({\n  product\n}) => {\n  cy.visit(`http://localhost:5173/products/${product.id}/edit`, {\n    onBeforeLoad: function (window) {\n      window.localStorage.setItem(\"token\", _tokens.aliceToken);\n    }\n  });\n  cy.get(\"[data-test-error]\").should(\"not.exist\");\n  const newProduct = (0, _orm.buildProduct)();\n  cy.get(\"[data-test-product-name]\").type(\"{selectAll}{del}\");\n  cy.get(\"[data-test-product-name]\").type(newProduct.name);\n  cy.get(\"[data-test-product-description]\").type(\"{selectAll}{del}\");\n  cy.get(\"[data-test-product-description]\").type(newProduct.description);\n  cy.get(\"[data-test-product-category]\").type(\"{selectAll}{del}\");\n  cy.get(\"[data-test-product-category]\").type(newProduct.category);\n  cy.get(\"[data-test-product-price]\").type(\"{selectAll}{del}\");\n  cy.get(\"[data-test-product-price]\").type(newProduct.originalPrice);\n  cy.get(\"[data-test-product-picture]\").type(\"{selectAll}{del}\");\n  cy.get(\"[data-test-product-picture]\").type(newProduct.pictureUrl);\n  cy.get(\"[data-test-product-end-date]\").type(\"{selectAll}{del}\");\n  cy.get(\"[data-test-product-end-date]\").type((0, _automate.prepareDateToType)(newProduct.endDate));\n  cy.intercept(\"PUT\", \"http://localhost:3000/api/products/\" + product.id, {\n    statusCode: 500\n  }).as(\"putProduct\");\n  cy.get(\"[data-test-submit]\").click();\n  cy.get(\"[data-test-error]\").should(\"exist\");\n});",
              "err": {
                "message": "CypressError: `cy.request()` failed on:\n\nhttp://localhost:3000/api/products\n\nThe response we received from your web server was:\n\n  > 600: Unknown Status Code\n\nThis was considered a failure because the status code was not `2xx` or `3xx`.\n\nIf you do not want status codes to cause failures pass the option: `failOnStatusCode: false`\n\n-----------------------------------------------------------\n\nThe request we sent was:\n\nMethod: POST\nURL: http://localhost:3000/api/products\nHeaders: {\n  \"Connection\": \"keep-alive\",\n  \"Authorization\": \"Bearer eyJhbGciOiJIUzI1NiIsInR5cCI6IkpXVCJ9.eyJpZCI6IjFmMmZhZGIxLTBkN2UtNDdhNy05ZDViLWVkMDMxZDY2NWQzZSIsInVzZXJuYW1lIjoiYWxpY2UiLCJlbWFpbCI6ImFsaWNlQGV4YW1wbGUuY29tIiwiYWRtaW4iOmZhbHNlLCJpYXQiOjE2Nzk2MTMwMzh9.KcT42jbNXfNR-0I-bTc_qNdAuCid640tXpkzUtDCoao\",\n  \"user-agent\": \"Mozilla/5.0 (Macintosh; Intel Mac OS X 10_15_7) AppleWebKit/537.36 (KHTML, like Gecko) Cypress/13.7.0 Chrome/118.0.5993.159 Electron/27.1.3 Safari/537.36\",\n  \"accept\": \"*/*\",\n  \"accept-encoding\": \"gzip, deflate\",\n  \"content-type\": \"application/json\",\n  \"content-length\": 231\n}\nBody: {\"name\":\"Aa Sit sit incididunt\",\"description\":\"Ced sed labore adipiscing labore dolore amet sed sed dolore\",\"category\":\"et\",\"originalPrice\":11,\"pictureUrl\":\"https://picsum.photos/id/32/512/512\",\"endDate\":\"2024-04-02T14:02:00.789Z\"}\n\n-----------------------------------------------------------\n\nThe response we got was:\n\nStatus: 600 - Unknown Status Code\nHeaders: {\n  \"x-powered-by\": \"Express\",\n  \"access-control-allow-origin\": \"*\",\n  \"date\": \"Fri, 29 Mar 2024 14:02:00 GMT\",\n  \"connection\": \"keep-alive\",\n  \"keep-alive\": \"timeout=5\",\n  \"content-length\": \"0\"\n}\n\n\nhttps://on.cypress.io/request",
                "estack": "CypressError: `cy.request()` failed on:\n\nhttp://localhost:3000/api/products\n\nThe response we received from your web server was:\n\n  > 600: Unknown Status Code\n\nThis was considered a failure because the status code was not `2xx` or `3xx`.\n\nIf you do not want status codes to cause failures pass the option: `failOnStatusCode: false`\n\n-----------------------------------------------------------\n\nThe request we sent was:\n\nMethod: POST\nURL: http://localhost:3000/api/products\nHeaders: {\n  \"Connection\": \"keep-alive\",\n  \"Authorization\": \"Bearer eyJhbGciOiJIUzI1NiIsInR5cCI6IkpXVCJ9.eyJpZCI6IjFmMmZhZGIxLTBkN2UtNDdhNy05ZDViLWVkMDMxZDY2NWQzZSIsInVzZXJuYW1lIjoiYWxpY2UiLCJlbWFpbCI6ImFsaWNlQGV4YW1wbGUuY29tIiwiYWRtaW4iOmZhbHNlLCJpYXQiOjE2Nzk2MTMwMzh9.KcT42jbNXfNR-0I-bTc_qNdAuCid640tXpkzUtDCoao\",\n  \"user-agent\": \"Mozilla/5.0 (Macintosh; Intel Mac OS X 10_15_7) AppleWebKit/537.36 (KHTML, like Gecko) Cypress/13.7.0 Chrome/118.0.5993.159 Electron/27.1.3 Safari/537.36\",\n  \"accept\": \"*/*\",\n  \"accept-encoding\": \"gzip, deflate\",\n  \"content-type\": \"application/json\",\n  \"content-length\": 231\n}\nBody: {\"name\":\"Aa Sit sit incididunt\",\"description\":\"Ced sed labore adipiscing labore dolore amet sed sed dolore\",\"category\":\"et\",\"originalPrice\":11,\"pictureUrl\":\"https://picsum.photos/id/32/512/512\",\"endDate\":\"2024-04-02T14:02:00.789Z\"}\n\n-----------------------------------------------------------\n\nThe response we got was:\n\nStatus: 600 - Unknown Status Code\nHeaders: {\n  \"x-powered-by\": \"Express\",\n  \"access-control-allow-origin\": \"*\",\n  \"date\": \"Fri, 29 Mar 2024 14:02:00 GMT\",\n  \"connection\": \"keep-alive\",\n  \"keep-alive\": \"timeout=5\",\n  \"content-length\": \"0\"\n}\n\n\nhttps://on.cypress.io/request\n    at <unknown> (http://localhost:57590/__cypress/runner/cypress_runner.js:133123:72)\n    at tryCatcher (http://localhost:57590/__cypress/runner/cypress_runner.js:1807:23)\n    at Promise._settlePromiseFromHandler (http://localhost:57590/__cypress/runner/cypress_runner.js:1519:31)\n    at Promise._settlePromise (http://localhost:57590/__cypress/runner/cypress_runner.js:1576:18)\n    at Promise._settlePromise0 (http://localhost:57590/__cypress/runner/cypress_runner.js:1621:10)\n    at Promise._settlePromises (http://localhost:57590/__cypress/runner/cypress_runner.js:1701:18)\n    at _drainQueueStep (http://localhost:57590/__cypress/runner/cypress_runner.js:2407:12)\n    at _drainQueue (http://localhost:57590/__cypress/runner/cypress_runner.js:2400:9)\n    at Async._drainQueues (http://localhost:57590/__cypress/runner/cypress_runner.js:2416:5)\n    at Async.drainQueues (http://localhost:57590/__cypress/runner/cypress_runner.js:2286:14)\nFrom Your Spec Code:\n    at eval (webpack://frontend/./cypress/e2e/common/orm.js:37:7)\nat new Promise (<anonymous>)\n    at createProduct (webpack://frontend/./cypress/e2e/common/orm.js:36:9)\n    at Context.eval (webpack://frontend/./cypress/e2e/frontend/edit-product.cy.js:95:18)",
                "diff": null
              },
              "uuid": "82b09ca9-94fc-42a2-8f83-6497ca1396bc",
              "parentUUID": "57a473b1-355c-4071-ba31-bac31cb3d2ab",
              "isHook": false,
              "skipped": false
            }
          ],
          "suites": [],
          "passes": [],
          "failures": [
            "89bd57ad-4982-465d-9eb9-0d26ccd68486",
            "7c17cbe8-776b-4bfb-acb0-5904e1f86954",
            "82b09ca9-94fc-42a2-8f83-6497ca1396bc"
          ],
          "pending": [],
          "skipped": [],
          "duration": 632,
          "root": false,
          "rootEmpty": false,
          "_timeout": 2000
        }
      ],
      "passes": [],
      "failures": [],
      "pending": [],
      "skipped": [],
      "duration": 0,
      "root": true,
      "rootEmpty": true,
      "_timeout": 2000
    },
    {
      "uuid": "69c21e04-b8db-4ce6-9334-472736835e88",
      "title": "",
      "fullFile": "cypress/e2e/frontend/home.cy.js",
      "file": "cypress/e2e/frontend/home.cy.js",
      "beforeHooks": [],
      "afterHooks": [],
      "tests": [],
      "suites": [
        {
          "uuid": "083c41a4-0835-4e4d-90f6-e84cb07e256e",
          "title": "Page /",
          "fullFile": "",
          "file": "",
          "beforeHooks": [],
          "afterHooks": [],
          "tests": [
            {
              "title": "fetch products",
              "fullTitle": "Page / fetch products",
              "timedOut": null,
              "duration": 5133,
              "state": "failed",
              "speed": null,
              "pass": false,
              "fail": true,
              "pending": false,
              "context": null,
              "code": "// Note : Test le scénario de récupération et d'affichage de tous les produits\ncy.visit(url);\ncy.get(\"[data-test-product]\").should(\"have.length\", 17);",
              "err": {
                "message": "AssertionError: Timed out retrying after 4000ms: Not enough elements found. Found '10', expected '17'.",
                "estack": "AssertionError: Timed out retrying after 4000ms: Not enough elements found. Found '10', expected '17'.\n    at Context.eval (webpack://frontend/./cypress/e2e/frontend/home.cy.js:16:34)",
                "diff": "- 10\n+ 17\n"
              },
              "uuid": "cbf56baa-d349-4697-b3ec-0d4d4f865b8c",
              "parentUUID": "083c41a4-0835-4e4d-90f6-e84cb07e256e",
              "isHook": false,
              "skipped": false
            },
            {
              "title": "display product with past end date and last bid price",
              "fullTitle": "Page / display product with past end date and last bid price",
              "timedOut": null,
              "duration": 211,
              "state": "failed",
              "speed": null,
              "pass": false,
              "fail": true,
              "pending": false,
              "context": null,
              "code": "// Note : Vérifie que tous les éléments d'un produit sont bien affichés\n// Note : Si la date de fin est passée, afficher \"Terminé\"\n// Note : Si une offre existe pour le produit, afficher \"Prix actuel : <montant de l'offre>\"\n(0, _orm.createProduct)(\"past\").then(({\n  product\n}) => {\n  (0, _orm.createBid)(product.id, product.originalPrice, _tokens.bobToken).then(({\n    bid\n  }) => {\n    cy.visit(url);\n    cy.get(\"[data-test-product]\").should(\"have.length\", 18);\n    cy.get(`[data-test-product-name]:contains(\"${name}\")`).should(\"exist\").first().closest(\"[data-test-product]\").then(el => {\n      cy.wrap(el).find(\"[data-test-product-name]\").invoke(\"attr\", \"href\").should(\"include\", product.id);\n      cy.wrap(el).find(\"[data-test-product-description]\").should(\"have.text\", product.description);\n      cy.wrap(el).find(\"[data-test-product-seller]\").should(\"have.text\", \"alice\").invoke(\"attr\", \"href\").should(\"include\", _tokens.aliceId);\n      cy.wrap(el).find(\"[data-test-product-date]\").should(\"contain.text\", \"Terminé\");\n      cy.wrap(el).find(\"[data-test-product-price]\").should(\"contain.text\", \"Prix actuel\").should(\"contain.text\", \" \" + bid.price + \" €\");\n    });\n  }).catch(() => {\n    expect.fail(\"Bid creation fail\");\n  });\n});",
              "err": {
                "message": "CypressError: `cy.request()` failed on:\n\nhttp://localhost:3000/api/products\n\nThe response we received from your web server was:\n\n  > 600: Unknown Status Code\n\nThis was considered a failure because the status code was not `2xx` or `3xx`.\n\nIf you do not want status codes to cause failures pass the option: `failOnStatusCode: false`\n\n-----------------------------------------------------------\n\nThe request we sent was:\n\nMethod: POST\nURL: http://localhost:3000/api/products\nHeaders: {\n  \"Connection\": \"keep-alive\",\n  \"Authorization\": \"Bearer eyJhbGciOiJIUzI1NiIsInR5cCI6IkpXVCJ9.eyJpZCI6IjFmMmZhZGIxLTBkN2UtNDdhNy05ZDViLWVkMDMxZDY2NWQzZSIsInVzZXJuYW1lIjoiYWxpY2UiLCJlbWFpbCI6ImFsaWNlQGV4YW1wbGUuY29tIiwiYWRtaW4iOmZhbHNlLCJpYXQiOjE2Nzk2MTMwMzh9.KcT42jbNXfNR-0I-bTc_qNdAuCid640tXpkzUtDCoao\",\n  \"user-agent\": \"Mozilla/5.0 (Macintosh; Intel Mac OS X 10_15_7) AppleWebKit/537.36 (KHTML, like Gecko) Cypress/13.7.0 Chrome/118.0.5993.159 Electron/27.1.3 Safari/537.36\",\n  \"accept\": \"*/*\",\n  \"accept-encoding\": \"gzip, deflate\",\n  \"content-type\": \"application/json\",\n  \"content-length\": 233\n}\nBody: {\"name\":\"Aa Sagna ipsum adipiscing\",\"description\":\"Lonsectetur elit dolor sed incididunt sed sit ut do lorem\",\"category\":\"ut\",\"originalPrice\":58,\"pictureUrl\":\"https://picsum.photos/id/85/512/512\",\"endDate\":\"2024-03-28T14:02:08.109Z\"}\n\n-----------------------------------------------------------\n\nThe response we got was:\n\nStatus: 600 - Unknown Status Code\nHeaders: {\n  \"x-powered-by\": \"Express\",\n  \"access-control-allow-origin\": \"*\",\n  \"date\": \"Fri, 29 Mar 2024 14:02:08 GMT\",\n  \"connection\": \"keep-alive\",\n  \"keep-alive\": \"timeout=5\",\n  \"content-length\": \"0\"\n}\n\n\nhttps://on.cypress.io/request",
                "estack": "CypressError: `cy.request()` failed on:\n\nhttp://localhost:3000/api/products\n\nThe response we received from your web server was:\n\n  > 600: Unknown Status Code\n\nThis was considered a failure because the status code was not `2xx` or `3xx`.\n\nIf you do not want status codes to cause failures pass the option: `failOnStatusCode: false`\n\n-----------------------------------------------------------\n\nThe request we sent was:\n\nMethod: POST\nURL: http://localhost:3000/api/products\nHeaders: {\n  \"Connection\": \"keep-alive\",\n  \"Authorization\": \"Bearer eyJhbGciOiJIUzI1NiIsInR5cCI6IkpXVCJ9.eyJpZCI6IjFmMmZhZGIxLTBkN2UtNDdhNy05ZDViLWVkMDMxZDY2NWQzZSIsInVzZXJuYW1lIjoiYWxpY2UiLCJlbWFpbCI6ImFsaWNlQGV4YW1wbGUuY29tIiwiYWRtaW4iOmZhbHNlLCJpYXQiOjE2Nzk2MTMwMzh9.KcT42jbNXfNR-0I-bTc_qNdAuCid640tXpkzUtDCoao\",\n  \"user-agent\": \"Mozilla/5.0 (Macintosh; Intel Mac OS X 10_15_7) AppleWebKit/537.36 (KHTML, like Gecko) Cypress/13.7.0 Chrome/118.0.5993.159 Electron/27.1.3 Safari/537.36\",\n  \"accept\": \"*/*\",\n  \"accept-encoding\": \"gzip, deflate\",\n  \"content-type\": \"application/json\",\n  \"content-length\": 233\n}\nBody: {\"name\":\"Aa Sagna ipsum adipiscing\",\"description\":\"Lonsectetur elit dolor sed incididunt sed sit ut do lorem\",\"category\":\"ut\",\"originalPrice\":58,\"pictureUrl\":\"https://picsum.photos/id/85/512/512\",\"endDate\":\"2024-03-28T14:02:08.109Z\"}\n\n-----------------------------------------------------------\n\nThe response we got was:\n\nStatus: 600 - Unknown Status Code\nHeaders: {\n  \"x-powered-by\": \"Express\",\n  \"access-control-allow-origin\": \"*\",\n  \"date\": \"Fri, 29 Mar 2024 14:02:08 GMT\",\n  \"connection\": \"keep-alive\",\n  \"keep-alive\": \"timeout=5\",\n  \"content-length\": \"0\"\n}\n\n\nhttps://on.cypress.io/request\n    at <unknown> (http://localhost:5173/__cypress/runner/cypress_runner.js:133123:72)\n    at tryCatcher (http://localhost:5173/__cypress/runner/cypress_runner.js:1807:23)\n    at Promise._settlePromiseFromHandler (http://localhost:5173/__cypress/runner/cypress_runner.js:1519:31)\n    at Promise._settlePromise (http://localhost:5173/__cypress/runner/cypress_runner.js:1576:18)\n    at Promise._settlePromise0 (http://localhost:5173/__cypress/runner/cypress_runner.js:1621:10)\n    at Promise._settlePromises (http://localhost:5173/__cypress/runner/cypress_runner.js:1701:18)\n    at _drainQueueStep (http://localhost:5173/__cypress/runner/cypress_runner.js:2407:12)\n    at _drainQueue (http://localhost:5173/__cypress/runner/cypress_runner.js:2400:9)\n    at Async._drainQueues (http://localhost:5173/__cypress/runner/cypress_runner.js:2416:5)\n    at Async.drainQueues (http://localhost:5173/__cypress/runner/cypress_runner.js:2286:14)\nFrom Your Spec Code:\n    at eval (webpack://frontend/./cypress/e2e/common/orm.js:37:7)\nat new Promise (<anonymous>)\n    at createProduct (webpack://frontend/./cypress/e2e/common/orm.js:36:9)\n    at Context.eval (webpack://frontend/./cypress/e2e/frontend/home.cy.js:24:18)",
                "diff": null
              },
              "uuid": "fde6e24b-cbb5-450b-b8a7-8c6369c5b483",
              "parentUUID": "083c41a4-0835-4e4d-90f6-e84cb07e256e",
              "isHook": false,
              "skipped": false
            },
            {
              "title": "display product with futur end date and original price (cause there not yet any bid)",
              "fullTitle": "Page / display product with futur end date and original price (cause there not yet any bid)",
              "timedOut": null,
              "duration": 233,
              "state": "failed",
              "speed": null,
              "pass": false,
              "fail": true,
              "pending": false,
              "context": null,
              "code": "// Note : Vérifie que tous les éléments d'un produit sont bien affichés\n// Note : Si la date de fin n'est pas passée, afficher \"En cours jusqu'au <date de fin>\"\n// Note : Si aucune une offre n'existe pour le produit, afficher \"Prix de départ : <prix de départ>\"\n(0, _orm.createProduct)().then(({\n  product\n}) => {\n  cy.visit(url);\n  cy.get(\"[data-test-product]\").should(\"have.length\", 18);\n  cy.get(`[data-test-product-name]:contains(\"${name}\")`).should(\"exist\").first().closest(\"[data-test-product]\").then(el => {\n    cy.wrap(el).find(\"[data-test-product-description]\").should(\"have.text\", product.description);\n    cy.wrap(el).find(\"[data-test-product-seller]\").should(\"have.text\", \"alice\").invoke(\"attr\", \"href\").should(\"include\", _tokens.aliceId);\n    cy.wrap(el).find(\"[data-test-product-date]\").should(\"contain.text\", \"En cours jusqu'au\");\n    cy.wrap(el).find(\"[data-test-product-price]\").should(\"contain.text\", \"Prix de départ\").should(\"contain.text\", \" \" + product.originalPrice + \" €\");\n  });\n});",
              "err": {
                "message": "CypressError: `cy.request()` failed on:\n\nhttp://localhost:3000/api/products\n\nThe response we received from your web server was:\n\n  > 600: Unknown Status Code\n\nThis was considered a failure because the status code was not `2xx` or `3xx`.\n\nIf you do not want status codes to cause failures pass the option: `failOnStatusCode: false`\n\n-----------------------------------------------------------\n\nThe request we sent was:\n\nMethod: POST\nURL: http://localhost:3000/api/products\nHeaders: {\n  \"Connection\": \"keep-alive\",\n  \"Authorization\": \"Bearer eyJhbGciOiJIUzI1NiIsInR5cCI6IkpXVCJ9.eyJpZCI6IjFmMmZhZGIxLTBkN2UtNDdhNy05ZDViLWVkMDMxZDY2NWQzZSIsInVzZXJuYW1lIjoiYWxpY2UiLCJlbWFpbCI6ImFsaWNlQGV4YW1wbGUuY29tIiwiYWRtaW4iOmZhbHNlLCJpYXQiOjE2Nzk2MTMwMzh9.KcT42jbNXfNR-0I-bTc_qNdAuCid640tXpkzUtDCoao\",\n  \"user-agent\": \"Mozilla/5.0 (Macintosh; Intel Mac OS X 10_15_7) AppleWebKit/537.36 (KHTML, like Gecko) Cypress/13.7.0 Chrome/118.0.5993.159 Electron/27.1.3 Safari/537.36\",\n  \"accept\": \"*/*\",\n  \"accept-encoding\": \"gzip, deflate\",\n  \"content-type\": \"application/json\",\n  \"content-length\": 246\n}\nBody: {\"name\":\"Aa Upsum adipiscing elit\",\"description\":\"Imet magna sit eiusmod incididunt tempor amet eiusmod amet eiusmod\",\"category\":\"eiusmod\",\"originalPrice\":85,\"pictureUrl\":\"https://picsum.photos/id/53/512/512\",\"endDate\":\"2024-03-31T14:02:08.344Z\"}\n\n-----------------------------------------------------------\n\nThe response we got was:\n\nStatus: 600 - Unknown Status Code\nHeaders: {\n  \"x-powered-by\": \"Express\",\n  \"access-control-allow-origin\": \"*\",\n  \"date\": \"Fri, 29 Mar 2024 14:02:08 GMT\",\n  \"connection\": \"keep-alive\",\n  \"keep-alive\": \"timeout=5\",\n  \"content-length\": \"0\"\n}\n\n\nhttps://on.cypress.io/request",
                "estack": "CypressError: `cy.request()` failed on:\n\nhttp://localhost:3000/api/products\n\nThe response we received from your web server was:\n\n  > 600: Unknown Status Code\n\nThis was considered a failure because the status code was not `2xx` or `3xx`.\n\nIf you do not want status codes to cause failures pass the option: `failOnStatusCode: false`\n\n-----------------------------------------------------------\n\nThe request we sent was:\n\nMethod: POST\nURL: http://localhost:3000/api/products\nHeaders: {\n  \"Connection\": \"keep-alive\",\n  \"Authorization\": \"Bearer eyJhbGciOiJIUzI1NiIsInR5cCI6IkpXVCJ9.eyJpZCI6IjFmMmZhZGIxLTBkN2UtNDdhNy05ZDViLWVkMDMxZDY2NWQzZSIsInVzZXJuYW1lIjoiYWxpY2UiLCJlbWFpbCI6ImFsaWNlQGV4YW1wbGUuY29tIiwiYWRtaW4iOmZhbHNlLCJpYXQiOjE2Nzk2MTMwMzh9.KcT42jbNXfNR-0I-bTc_qNdAuCid640tXpkzUtDCoao\",\n  \"user-agent\": \"Mozilla/5.0 (Macintosh; Intel Mac OS X 10_15_7) AppleWebKit/537.36 (KHTML, like Gecko) Cypress/13.7.0 Chrome/118.0.5993.159 Electron/27.1.3 Safari/537.36\",\n  \"accept\": \"*/*\",\n  \"accept-encoding\": \"gzip, deflate\",\n  \"content-type\": \"application/json\",\n  \"content-length\": 246\n}\nBody: {\"name\":\"Aa Upsum adipiscing elit\",\"description\":\"Imet magna sit eiusmod incididunt tempor amet eiusmod amet eiusmod\",\"category\":\"eiusmod\",\"originalPrice\":85,\"pictureUrl\":\"https://picsum.photos/id/53/512/512\",\"endDate\":\"2024-03-31T14:02:08.344Z\"}\n\n-----------------------------------------------------------\n\nThe response we got was:\n\nStatus: 600 - Unknown Status Code\nHeaders: {\n  \"x-powered-by\": \"Express\",\n  \"access-control-allow-origin\": \"*\",\n  \"date\": \"Fri, 29 Mar 2024 14:02:08 GMT\",\n  \"connection\": \"keep-alive\",\n  \"keep-alive\": \"timeout=5\",\n  \"content-length\": \"0\"\n}\n\n\nhttps://on.cypress.io/request\n    at <unknown> (http://localhost:5173/__cypress/runner/cypress_runner.js:133123:72)\n    at tryCatcher (http://localhost:5173/__cypress/runner/cypress_runner.js:1807:23)\n    at Promise._settlePromiseFromHandler (http://localhost:5173/__cypress/runner/cypress_runner.js:1519:31)\n    at Promise._settlePromise (http://localhost:5173/__cypress/runner/cypress_runner.js:1576:18)\n    at Promise._settlePromise0 (http://localhost:5173/__cypress/runner/cypress_runner.js:1621:10)\n    at Promise._settlePromises (http://localhost:5173/__cypress/runner/cypress_runner.js:1701:18)\n    at _drainQueueStep (http://localhost:5173/__cypress/runner/cypress_runner.js:2407:12)\n    at _drainQueue (http://localhost:5173/__cypress/runner/cypress_runner.js:2400:9)\n    at Async._drainQueues (http://localhost:5173/__cypress/runner/cypress_runner.js:2416:5)\n    at Async.drainQueues (http://localhost:5173/__cypress/runner/cypress_runner.js:2286:14)\nFrom Your Spec Code:\n    at eval (webpack://frontend/./cypress/e2e/common/orm.js:37:7)\nat new Promise (<anonymous>)\n    at createProduct (webpack://frontend/./cypress/e2e/common/orm.js:36:9)\n    at Context.eval (webpack://frontend/./cypress/e2e/frontend/home.cy.js:72:18)",
                "diff": null
              },
              "uuid": "8a5c6202-6032-45ad-80cb-bca5d827692c",
              "parentUUID": "083c41a4-0835-4e4d-90f6-e84cb07e256e",
              "isHook": false,
              "skipped": false
            },
            {
              "title": "filter by name",
              "fullTitle": "Page / filter by name",
              "timedOut": null,
              "duration": 4801,
              "state": "failed",
              "speed": null,
              "pass": false,
              "fail": true,
              "pending": false,
              "context": null,
              "code": "// Note : Vérifie le filtrage par nom, insensible à la casse\ncy.visit(url);\ncy.get(\"[data-test-product]\").should(\"have.length\", 17);\ncy.get(\"[data-test-filter\").type(\"Lot\");\ncy.get(\"[data-test-product]\").should(\"have.length\", 3);\ncy.get(\"[data-test-filter\").type(\"{selectAll}{del}\");\ncy.get(\"[data-test-filter\").type(\"lot\");\ncy.get(\"[data-test-product]\").should(\"have.length\", 3);\ncy.get(\"[data-test-filter\").type(\"{selectAll}{del}\");\ncy.get(\"[data-test-filter\").type(\"lot de tasses\");\ncy.get(\"[data-test-product]\").should(\"have.length\", 1);",
              "err": {
                "message": "AssertionError: Timed out retrying after 4000ms: Not enough elements found. Found '10', expected '17'.",
                "estack": "AssertionError: Timed out retrying after 4000ms: Not enough elements found. Found '10', expected '17'.\n    at Context.eval (webpack://frontend/./cypress/e2e/frontend/home.cy.js:109:34)",
                "diff": "- 10\n+ 17\n"
              },
              "uuid": "7f4e5022-d88d-43a4-a4fd-aec7df479d9a",
              "parentUUID": "083c41a4-0835-4e4d-90f6-e84cb07e256e",
              "isHook": false,
              "skipped": false
            },
            {
              "title": "sort by name",
              "fullTitle": "Page / sort by name",
              "timedOut": null,
              "duration": 4594,
              "state": "failed",
              "speed": null,
              "pass": false,
              "fail": true,
              "pending": false,
              "context": null,
              "code": "// Note : Vérifie le tri par nom, alphabétique de A à Z\ncy.visit(url);\ncy.get(\"[data-test-sorter]\").should(\"contain.text\", \"Trier par nom\");\ncy.get(\"[data-test-product]\").first().find(\"[data-test-product-name]\").should(\"have.text\", \"Ampli de guitare\");\ncy.get(\"[data-test-product]\").last().find(\"[data-test-product-name]\").should(\"have.text\", \"Théière design\");",
              "err": {
                "message": "AssertionError: Timed out retrying after 4000ms: expected '<a>' to have text 'Ampli de guitare', but the text was ' Machine à écrire '",
                "estack": "AssertionError: Timed out retrying after 4000ms: expected '<a>' to have text 'Ampli de guitare', but the text was ' Machine à écrire '\n    at Context.eval (webpack://frontend/./cypress/e2e/frontend/home.cy.js:133:7)",
                "diff": "- ' Machine à écrire '\n+ 'Ampli de guitare'\n"
              },
              "uuid": "861c822b-2389-4767-bfe6-9122cadece11",
              "parentUUID": "083c41a4-0835-4e4d-90f6-e84cb07e256e",
              "isHook": false,
              "skipped": false
            },
            {
              "title": "sort by price",
              "fullTitle": "Page / sort by price",
              "timedOut": null,
              "duration": 4772,
              "state": "failed",
              "speed": null,
              "pass": false,
              "fail": true,
              "pending": false,
              "context": null,
              "code": "// Note : Vérifie le tri par prix, numérique croissant\ncy.visit(url);\ncy.get(\"[data-test-sorter]\").click();\ncy.get(\"[data-test-sorter-price]\").click();\ncy.get(\"[data-test-sorter]\").should(\"contain.text\", \"Trier par prix\");\ncy.get(\"[data-test-product]\").first().find(\"[data-test-product-name]\").should(\"have.text\", \"Ananas\");\ncy.get(\"[data-test-product]\").last().find(\"[data-test-product-name]\").should(\"have.text\", \"Chaussures volantes\");",
              "err": {
                "message": "AssertionError: Timed out retrying after 4000ms: expected '<button.btn.btn-primary.dropdown-toggle>' to contain text 'Trier par prix', but the text was ' Trier par nom '",
                "estack": "AssertionError: Timed out retrying after 4000ms: expected '<button.btn.btn-primary.dropdown-toggle>' to contain text 'Trier par prix', but the text was ' Trier par nom '\n    at Context.eval (webpack://frontend/./cypress/e2e/frontend/home.cy.js:149:33)",
                "diff": "- ' Trier par nom '\n+ 'Trier par prix'\n"
              },
              "uuid": "3e4d0d0a-1cf7-496e-a89a-6e7de51c228e",
              "parentUUID": "083c41a4-0835-4e4d-90f6-e84cb07e256e",
              "isHook": false,
              "skipped": false
            },
            {
              "title": "loading",
              "fullTitle": "Page / loading",
              "timedOut": null,
              "duration": 4583,
              "state": "failed",
              "speed": null,
              "pass": false,
              "fail": true,
              "pending": false,
              "context": null,
              "code": "// Note : Test la présence d'un spinner lors du chargement\ncy.intercept(\"http://localhost:3000/api/products\", {\n  delay: 10000\n});\ncy.visit(url);\ncy.get(\"[data-test-loading]\").should(\"exist\");\ncy.get(\"[data-test-error]\").should(\"not.exist\");\ncy.get(\"[data-test-product]\").should(\"not.exist\");",
              "err": {
                "message": "AssertionError: Timed out retrying after 4000ms: Expected <div.alert.alert-danger.mt-4> not to exist in the DOM, but it was continuously found.",
                "estack": "AssertionError: Timed out retrying after 4000ms: Expected <div.alert.alert-danger.mt-4> not to exist in the DOM, but it was continuously found.\n    at Context.eval (webpack://frontend/./cypress/e2e/frontend/home.cy.js:172:32)",
                "diff": null
              },
              "uuid": "60ceea75-d805-4673-9e5b-306e7a9ff2c8",
              "parentUUID": "083c41a4-0835-4e4d-90f6-e84cb07e256e",
              "isHook": false,
              "skipped": false
            },
            {
              "title": "error message",
              "fullTitle": "Page / error message",
              "timedOut": null,
              "duration": 4614,
              "state": "failed",
              "speed": null,
              "pass": false,
              "fail": true,
              "pending": false,
              "context": null,
              "code": "// Note : Test la présence d'un message d'erreur en cas d'échec au chargement\ncy.intercept(\"http://localhost:3000/api/products\", {\n  status: 500,\n  response: {}\n});\ncy.visit(url);\ncy.get(\"[data-test-loading]\").should(\"not.exist\");\ncy.get(\"[data-test-error]\").should(\"exist\");\ncy.get(\"[data-test-product]\").should(\"not.exist\");",
              "err": {
                "message": "AssertionError: Timed out retrying after 4000ms: Expected <div.text-center.mt-4> not to exist in the DOM, but it was continuously found.",
                "estack": "AssertionError: Timed out retrying after 4000ms: Expected <div.text-center.mt-4> not to exist in the DOM, but it was continuously found.\n    at Context.eval (webpack://frontend/./cypress/e2e/frontend/home.cy.js:186:34)",
                "diff": null
              },
              "uuid": "4f10b2ba-574f-47c2-b365-b8bccecff212",
              "parentUUID": "083c41a4-0835-4e4d-90f6-e84cb07e256e",
              "isHook": false,
              "skipped": false
            },
            {
              "title": "ready",
              "fullTitle": "Page / ready",
              "timedOut": null,
              "duration": 4559,
              "state": "failed",
              "speed": null,
              "pass": false,
              "fail": true,
              "pending": false,
              "context": null,
              "code": "// Note : Test la présence du contenu après que tout est bien chargé\ncy.intercept(\"http://localhost:3000/api/products\");\ncy.visit(url);\ncy.get(\"[data-test-loading]\").should(\"not.exist\");\ncy.get(\"[data-test-error]\").should(\"not.exist\");\ncy.get(\"[data-test-product]\").should(\"exist\");",
              "err": {
                "message": "AssertionError: Timed out retrying after 4000ms: Expected <div.text-center.mt-4> not to exist in the DOM, but it was continuously found.",
                "estack": "AssertionError: Timed out retrying after 4000ms: Expected <div.text-center.mt-4> not to exist in the DOM, but it was continuously found.\n    at Context.eval (webpack://frontend/./cypress/e2e/frontend/home.cy.js:198:34)",
                "diff": null
              },
              "uuid": "770adff2-8685-484c-bb40-bb7a085f3768",
              "parentUUID": "083c41a4-0835-4e4d-90f6-e84cb07e256e",
              "isHook": false,
              "skipped": false
            }
          ],
          "suites": [],
          "passes": [],
          "failures": [
            "cbf56baa-d349-4697-b3ec-0d4d4f865b8c",
            "fde6e24b-cbb5-450b-b8a7-8c6369c5b483",
            "8a5c6202-6032-45ad-80cb-bca5d827692c",
            "7f4e5022-d88d-43a4-a4fd-aec7df479d9a",
            "861c822b-2389-4767-bfe6-9122cadece11",
            "3e4d0d0a-1cf7-496e-a89a-6e7de51c228e",
            "60ceea75-d805-4673-9e5b-306e7a9ff2c8",
            "4f10b2ba-574f-47c2-b365-b8bccecff212",
            "770adff2-8685-484c-bb40-bb7a085f3768"
          ],
          "pending": [],
          "skipped": [],
          "duration": 33500,
          "root": false,
          "rootEmpty": false,
          "_timeout": 2000
        }
      ],
      "passes": [],
      "failures": [],
      "pending": [],
      "skipped": [],
      "duration": 0,
      "root": true,
      "rootEmpty": true,
      "_timeout": 2000
    },
    {
      "uuid": "fcf1ec7b-4a7b-4521-8bb2-4c843312220f",
      "title": "",
      "fullFile": "cypress/e2e/frontend/user.cy.js",
      "file": "cypress/e2e/frontend/user.cy.js",
      "beforeHooks": [],
      "afterHooks": [],
      "tests": [],
      "suites": [
        {
          "uuid": "4ec5b023-067c-44a8-8cd7-dad9ec9c636f",
          "title": "Page /users/:userId",
          "fullFile": "",
          "file": "",
          "beforeHooks": [],
          "afterHooks": [],
          "tests": [
            {
              "title": "display products",
              "fullTitle": "Page /users/:userId display products",
              "timedOut": null,
              "duration": 196,
              "state": "failed",
              "speed": null,
              "pass": false,
              "fail": true,
              "pending": false,
              "context": null,
              "code": "// Note : Test le scénario de récupération et d'affichage des produits\n(0, _orm.createProduct)().then(({\n  product\n}) => {\n  cy.visit(`http://localhost:5173/users/${_tokens.aliceId}`);\n  cy.get(\"[data-test-product]\").should(\"have.length\", 8);\n  cy.get(\"[data-test-product]\").last().find(\"[data-test-product-name]\").should(\"have.text\", product.name).invoke(\"attr\", \"href\").should(\"contain\", product.id);\n  cy.get(\"[data-test-product]\").last().find(\"[data-test-product-description]\").should(\"have.text\", product.description);\n  cy.get(\"[data-test-product]\").last().find(\"[data-test-product-price]\").should(\"contain.text\", product.originalPrice + \" €\");\n  cy.get(\"[data-test-product]\").last().find(\"[data-test-product-picture]\").invoke(\"attr\", \"src\").should(\"eq\", product.pictureUrl);\n});",
              "err": {
                "message": "CypressError: `cy.request()` failed on:\n\nhttp://localhost:3000/api/products\n\nThe response we received from your web server was:\n\n  > 600: Unknown Status Code\n\nThis was considered a failure because the status code was not `2xx` or `3xx`.\n\nIf you do not want status codes to cause failures pass the option: `failOnStatusCode: false`\n\n-----------------------------------------------------------\n\nThe request we sent was:\n\nMethod: POST\nURL: http://localhost:3000/api/products\nHeaders: {\n  \"Connection\": \"keep-alive\",\n  \"Authorization\": \"Bearer eyJhbGciOiJIUzI1NiIsInR5cCI6IkpXVCJ9.eyJpZCI6IjFmMmZhZGIxLTBkN2UtNDdhNy05ZDViLWVkMDMxZDY2NWQzZSIsInVzZXJuYW1lIjoiYWxpY2UiLCJlbWFpbCI6ImFsaWNlQGV4YW1wbGUuY29tIiwiYWRtaW4iOmZhbHNlLCJpYXQiOjE2Nzk2MTMwMzh9.KcT42jbNXfNR-0I-bTc_qNdAuCid640tXpkzUtDCoao\",\n  \"user-agent\": \"Mozilla/5.0 (Macintosh; Intel Mac OS X 10_15_7) AppleWebKit/537.36 (KHTML, like Gecko) Cypress/13.7.0 Chrome/118.0.5993.159 Electron/27.1.3 Safari/537.36\",\n  \"accept\": \"*/*\",\n  \"accept-encoding\": \"gzip, deflate\",\n  \"content-type\": \"application/json\",\n  \"content-length\": 249\n}\nBody: {\"name\":\"Aa Siusmod sit aliqua\",\"description\":\"Incididunt aliqua consectetur labore incididunt ipsum sed amet dolor aliqua\",\"category\":\"elit\",\"originalPrice\":80,\"pictureUrl\":\"https://picsum.photos/id/48/512/512\",\"endDate\":\"2024-04-04T14:02:37.530Z\"}\n\n-----------------------------------------------------------\n\nThe response we got was:\n\nStatus: 600 - Unknown Status Code\nHeaders: {\n  \"x-powered-by\": \"Express\",\n  \"access-control-allow-origin\": \"*\",\n  \"date\": \"Fri, 29 Mar 2024 14:02:37 GMT\",\n  \"connection\": \"keep-alive\",\n  \"keep-alive\": \"timeout=5\",\n  \"content-length\": \"0\"\n}\n\n\nhttps://on.cypress.io/request",
                "estack": "CypressError: `cy.request()` failed on:\n\nhttp://localhost:3000/api/products\n\nThe response we received from your web server was:\n\n  > 600: Unknown Status Code\n\nThis was considered a failure because the status code was not `2xx` or `3xx`.\n\nIf you do not want status codes to cause failures pass the option: `failOnStatusCode: false`\n\n-----------------------------------------------------------\n\nThe request we sent was:\n\nMethod: POST\nURL: http://localhost:3000/api/products\nHeaders: {\n  \"Connection\": \"keep-alive\",\n  \"Authorization\": \"Bearer eyJhbGciOiJIUzI1NiIsInR5cCI6IkpXVCJ9.eyJpZCI6IjFmMmZhZGIxLTBkN2UtNDdhNy05ZDViLWVkMDMxZDY2NWQzZSIsInVzZXJuYW1lIjoiYWxpY2UiLCJlbWFpbCI6ImFsaWNlQGV4YW1wbGUuY29tIiwiYWRtaW4iOmZhbHNlLCJpYXQiOjE2Nzk2MTMwMzh9.KcT42jbNXfNR-0I-bTc_qNdAuCid640tXpkzUtDCoao\",\n  \"user-agent\": \"Mozilla/5.0 (Macintosh; Intel Mac OS X 10_15_7) AppleWebKit/537.36 (KHTML, like Gecko) Cypress/13.7.0 Chrome/118.0.5993.159 Electron/27.1.3 Safari/537.36\",\n  \"accept\": \"*/*\",\n  \"accept-encoding\": \"gzip, deflate\",\n  \"content-type\": \"application/json\",\n  \"content-length\": 249\n}\nBody: {\"name\":\"Aa Siusmod sit aliqua\",\"description\":\"Incididunt aliqua consectetur labore incididunt ipsum sed amet dolor aliqua\",\"category\":\"elit\",\"originalPrice\":80,\"pictureUrl\":\"https://picsum.photos/id/48/512/512\",\"endDate\":\"2024-04-04T14:02:37.530Z\"}\n\n-----------------------------------------------------------\n\nThe response we got was:\n\nStatus: 600 - Unknown Status Code\nHeaders: {\n  \"x-powered-by\": \"Express\",\n  \"access-control-allow-origin\": \"*\",\n  \"date\": \"Fri, 29 Mar 2024 14:02:37 GMT\",\n  \"connection\": \"keep-alive\",\n  \"keep-alive\": \"timeout=5\",\n  \"content-length\": \"0\"\n}\n\n\nhttps://on.cypress.io/request\n    at <unknown> (http://localhost:57590/__cypress/runner/cypress_runner.js:133123:72)\n    at tryCatcher (http://localhost:57590/__cypress/runner/cypress_runner.js:1807:23)\n    at Promise._settlePromiseFromHandler (http://localhost:57590/__cypress/runner/cypress_runner.js:1519:31)\n    at Promise._settlePromise (http://localhost:57590/__cypress/runner/cypress_runner.js:1576:18)\n    at Promise._settlePromise0 (http://localhost:57590/__cypress/runner/cypress_runner.js:1621:10)\n    at Promise._settlePromises (http://localhost:57590/__cypress/runner/cypress_runner.js:1701:18)\n    at _drainQueueStep (http://localhost:57590/__cypress/runner/cypress_runner.js:2407:12)\n    at _drainQueue (http://localhost:57590/__cypress/runner/cypress_runner.js:2400:9)\n    at Async._drainQueues (http://localhost:57590/__cypress/runner/cypress_runner.js:2416:5)\n    at Async.drainQueues (http://localhost:57590/__cypress/runner/cypress_runner.js:2286:14)\nFrom Your Spec Code:\n    at eval (webpack://frontend/./cypress/e2e/common/orm.js:37:7)\nat new Promise (<anonymous>)\n    at createProduct (webpack://frontend/./cypress/e2e/common/orm.js:36:9)\n    at Context.eval (webpack://frontend/./cypress/e2e/frontend/user.cy.js:19:18)",
                "diff": null
              },
              "uuid": "25db4e9a-c298-4e43-8b99-2327f947da4a",
              "parentUUID": "4ec5b023-067c-44a8-8cd7-dad9ec9c636f",
              "isHook": false,
              "skipped": false
            },
            {
              "title": "display bids",
              "fullTitle": "Page /users/:userId display bids",
              "timedOut": null,
              "duration": 189,
              "state": "failed",
              "speed": null,
              "pass": false,
              "fail": true,
              "pending": false,
              "context": null,
              "code": "// Note : Test le scénario de récupération et d'affichage des offres\n(0, _orm.createProduct)(\"futur\", _tokens.bobToken).then(({\n  product\n}) => {\n  (0, _orm.createBid)(product.id, product.originalPrice, _tokens.aliceToken).then(({\n    bid\n  }) => {\n    cy.visit(`http://localhost:5173/users/${_tokens.aliceId}`);\n    cy.get(\"[data-test-bid]\").should(\"exist\");\n    cy.get(`[data-test-bid-product][href$=\"${product.id}\"]`).should(\"exist\").first().closest(\"[data-test-bid]\").then(el => {\n      cy.wrap(el).find(\"[data-test-bid-product]\").should(\"have.text\", product.name);\n      cy.wrap(el).find(\"[data-test-bid-price]\").should(\"have.text\", bid.price + \" €\");\n      cy.wrap(el).find(\"[data-test-bid-date]\").should(\"contain.text\", new Date().getDate()).should(\"contain.text\", new Date().getMonth() + 1).should(\"contain.text\", new Date().getFullYear());\n    });\n  });\n});",
              "err": {
                "message": "CypressError: `cy.request()` failed on:\n\nhttp://localhost:3000/api/products\n\nThe response we received from your web server was:\n\n  > 600: Unknown Status Code\n\nThis was considered a failure because the status code was not `2xx` or `3xx`.\n\nIf you do not want status codes to cause failures pass the option: `failOnStatusCode: false`\n\n-----------------------------------------------------------\n\nThe request we sent was:\n\nMethod: POST\nURL: http://localhost:3000/api/products\nHeaders: {\n  \"Connection\": \"keep-alive\",\n  \"Authorization\": \"Bearer eyJhbGciOiJIUzI1NiIsInR5cCI6IkpXVCJ9.eyJpZCI6IjJmOGU5NDUwLWFlYWItNGVjZS1hOWJiLWZiNTIxMmYyODc1NSIsInVzZXJuYW1lIjoiYm9iIiwiZW1haWwiOiJib2JAZXhhbXBsZS5jb20iLCJhZG1pbiI6ZmFsc2UsImlhdCI6MTY3OTYxMzA4OH0.bbzc3eD-ZpOSlxG8vwtMTxPq1ZDzbKMDqRkv9NCTqr0\",\n  \"user-agent\": \"Mozilla/5.0 (Macintosh; Intel Mac OS X 10_15_7) AppleWebKit/537.36 (KHTML, like Gecko) Cypress/13.7.0 Chrome/118.0.5993.159 Electron/27.1.3 Safari/537.36\",\n  \"accept\": \"*/*\",\n  \"accept-encoding\": \"gzip, deflate\",\n  \"content-type\": \"application/json\",\n  \"content-length\": 250\n}\nBody: {\"name\":\"Aa Miusmod sed ipsum\",\"description\":\"Dorem elit incididunt elit incididunt tempor incididunt adipiscing sed dolore\",\"category\":\"amet\",\"originalPrice\":55,\"pictureUrl\":\"https://picsum.photos/id/55/512/512\",\"endDate\":\"2024-04-03T14:02:37.747Z\"}\n\n-----------------------------------------------------------\n\nThe response we got was:\n\nStatus: 600 - Unknown Status Code\nHeaders: {\n  \"x-powered-by\": \"Express\",\n  \"access-control-allow-origin\": \"*\",\n  \"date\": \"Fri, 29 Mar 2024 14:02:37 GMT\",\n  \"connection\": \"keep-alive\",\n  \"keep-alive\": \"timeout=5\",\n  \"content-length\": \"0\"\n}\n\n\nhttps://on.cypress.io/request",
                "estack": "CypressError: `cy.request()` failed on:\n\nhttp://localhost:3000/api/products\n\nThe response we received from your web server was:\n\n  > 600: Unknown Status Code\n\nThis was considered a failure because the status code was not `2xx` or `3xx`.\n\nIf you do not want status codes to cause failures pass the option: `failOnStatusCode: false`\n\n-----------------------------------------------------------\n\nThe request we sent was:\n\nMethod: POST\nURL: http://localhost:3000/api/products\nHeaders: {\n  \"Connection\": \"keep-alive\",\n  \"Authorization\": \"Bearer eyJhbGciOiJIUzI1NiIsInR5cCI6IkpXVCJ9.eyJpZCI6IjJmOGU5NDUwLWFlYWItNGVjZS1hOWJiLWZiNTIxMmYyODc1NSIsInVzZXJuYW1lIjoiYm9iIiwiZW1haWwiOiJib2JAZXhhbXBsZS5jb20iLCJhZG1pbiI6ZmFsc2UsImlhdCI6MTY3OTYxMzA4OH0.bbzc3eD-ZpOSlxG8vwtMTxPq1ZDzbKMDqRkv9NCTqr0\",\n  \"user-agent\": \"Mozilla/5.0 (Macintosh; Intel Mac OS X 10_15_7) AppleWebKit/537.36 (KHTML, like Gecko) Cypress/13.7.0 Chrome/118.0.5993.159 Electron/27.1.3 Safari/537.36\",\n  \"accept\": \"*/*\",\n  \"accept-encoding\": \"gzip, deflate\",\n  \"content-type\": \"application/json\",\n  \"content-length\": 250\n}\nBody: {\"name\":\"Aa Miusmod sed ipsum\",\"description\":\"Dorem elit incididunt elit incididunt tempor incididunt adipiscing sed dolore\",\"category\":\"amet\",\"originalPrice\":55,\"pictureUrl\":\"https://picsum.photos/id/55/512/512\",\"endDate\":\"2024-04-03T14:02:37.747Z\"}\n\n-----------------------------------------------------------\n\nThe response we got was:\n\nStatus: 600 - Unknown Status Code\nHeaders: {\n  \"x-powered-by\": \"Express\",\n  \"access-control-allow-origin\": \"*\",\n  \"date\": \"Fri, 29 Mar 2024 14:02:37 GMT\",\n  \"connection\": \"keep-alive\",\n  \"keep-alive\": \"timeout=5\",\n  \"content-length\": \"0\"\n}\n\n\nhttps://on.cypress.io/request\n    at <unknown> (http://localhost:57590/__cypress/runner/cypress_runner.js:133123:72)\n    at tryCatcher (http://localhost:57590/__cypress/runner/cypress_runner.js:1807:23)\n    at Promise._settlePromiseFromHandler (http://localhost:57590/__cypress/runner/cypress_runner.js:1519:31)\n    at Promise._settlePromise (http://localhost:57590/__cypress/runner/cypress_runner.js:1576:18)\n    at Promise._settlePromise0 (http://localhost:57590/__cypress/runner/cypress_runner.js:1621:10)\n    at Promise._settlePromises (http://localhost:57590/__cypress/runner/cypress_runner.js:1701:18)\n    at _drainQueueStep (http://localhost:57590/__cypress/runner/cypress_runner.js:2407:12)\n    at _drainQueue (http://localhost:57590/__cypress/runner/cypress_runner.js:2400:9)\n    at Async._drainQueues (http://localhost:57590/__cypress/runner/cypress_runner.js:2416:5)\n    at Async.drainQueues (http://localhost:57590/__cypress/runner/cypress_runner.js:2286:14)\nFrom Your Spec Code:\n    at eval (webpack://frontend/./cypress/e2e/common/orm.js:37:7)\nat new Promise (<anonymous>)\n    at createProduct (webpack://frontend/./cypress/e2e/common/orm.js:36:9)\n    at Context.eval (webpack://frontend/./cypress/e2e/frontend/user.cy.js:52:18)",
                "diff": null
              },
              "uuid": "035b02e6-3124-44ca-91d8-cc1885eabb62",
              "parentUUID": "4ec5b023-067c-44a8-8cd7-dad9ec9c636f",
              "isHook": false,
              "skipped": false
            },
            {
              "title": "no admin badge",
              "fullTitle": "Page /users/:userId no admin badge",
              "timedOut": null,
              "duration": 4497,
              "state": "failed",
              "speed": null,
              "pass": false,
              "fail": true,
              "pending": false,
              "context": null,
              "code": "// Note : Vérifie qu'un utilisateur a un badge admin si et seulement si il est admin\ncy.visit(`http://localhost:5173/users/${_tokens.aliceId}`);\ncy.get(\"[data-test-admin]\").should(\"not.exist\");\ncy.visit(`http://localhost:5173/users/${_tokens.adminId}`);\ncy.get(\"[data-test-admin]\").should(\"exist\");",
              "err": {
                "message": "AssertionError: Timed out retrying after 4000ms: Expected <span.badge.rounded-pill.bg-primary> not to exist in the DOM, but it was continuously found.",
                "estack": "AssertionError: Timed out retrying after 4000ms: Expected <span.badge.rounded-pill.bg-primary> not to exist in the DOM, but it was continuously found.\n    at Context.eval (webpack://frontend/./cypress/e2e/frontend/user.cy.js:88:32)",
                "diff": null
              },
              "uuid": "aeafcb33-1bd2-4f22-a798-bc315e771a64",
              "parentUUID": "4ec5b023-067c-44a8-8cd7-dad9ec9c636f",
              "isHook": false,
              "skipped": false
            },
            {
              "title": "loading",
              "fullTitle": "Page /users/:userId loading",
              "timedOut": null,
              "duration": 4335,
              "state": "failed",
              "speed": null,
              "pass": false,
              "fail": true,
              "pending": false,
              "context": null,
[...]
                "diff": null
              },
              "uuid": "7f9da562-48cf-45f3-a82a-e4152c72fb64",
              "parentUUID": "351e1f6f-10ad-4f7e-8f2e-653215e8bee8",
              "isHook": false,
              "skipped": false
            },
            {
              "title": "add a bid",
              "fullTitle": "Page /products/:productId add a bid",
              "timedOut": null,
              "duration": 731,
              "state": "failed",
              "speed": null,
              "pass": false,
              "fail": true,
              "pending": false,
              "context": null,
              "code": "// Note : Vérifie que la soumission du formulaire d'offre ajoute bien une offre\ncy.visit(`http://localhost:5173/products/${_tokens.casserolesId}`, {\n  onBeforeLoad: function (window) {\n    window.localStorage.setItem(\"token\", _tokens.bobToken);\n  }\n});\ncy.get(\"[data-test-bid-form-price]\").type(\"{selectAll}{del}\").type(200);\n(0, _orm.getProduct)(_tokens.casserolesId).then(({\n  product: productBeforeBidAddition\n}) => {\n  cy.get(\"[data-test-submit-bid]\").click();\n  (0, _orm.getProduct)(_tokens.casserolesId).then(({\n    product: productAfterBidAddition\n  }) => {\n    expect(productAfterBidAddition.bids.length).greaterThan(productBeforeBidAddition.bids.length);\n    const lastBid = productAfterBidAddition.bids[productAfterBidAddition.bids.length - 1];\n    expect(lastBid.price).to.eq(200);\n  });\n});",
              "err": {
                "message": "CypressError: `cy.request()` failed on:\n\nhttp://localhost:3000/api/products/a0f7c522-78f8-442e-a55d-642cfe566634\n\nThe response we received from your web server was:\n\n  > 600: Unknown Status Code\n\nThis was considered a failure because the status code was not `2xx` or `3xx`.\n\nIf you do not want status codes to cause failures pass the option: `failOnStatusCode: false`\n\n-----------------------------------------------------------\n\nThe request we sent was:\n\nMethod: GET\nURL: http://localhost:3000/api/products/a0f7c522-78f8-442e-a55d-642cfe566634\nHeaders: {\n  \"Connection\": \"keep-alive\",\n  \"user-agent\": \"Mozilla/5.0 (Macintosh; Intel Mac OS X 10_15_7) AppleWebKit/537.36 (KHTML, like Gecko) Cypress/13.7.0 Chrome/118.0.5993.159 Electron/27.1.3 Safari/537.36\",\n  \"accept\": \"*/*\",\n  \"accept-encoding\": \"gzip, deflate\"\n}\n\n-----------------------------------------------------------\n\nThe response we got was:\n\nStatus: 600 - Unknown Status Code\nHeaders: {\n  \"x-powered-by\": \"Express\",\n  \"access-control-allow-origin\": \"*\",\n  \"date\": \"Fri, 29 Mar 2024 14:03:54 GMT\",\n  \"connection\": \"keep-alive\",\n  \"keep-alive\": \"timeout=5\",\n  \"content-length\": \"0\"\n}\nBody: \n\n\nhttps://on.cypress.io/request",
                "estack": "CypressError: `cy.request()` failed on:\n\nhttp://localhost:3000/api/products/a0f7c522-78f8-442e-a55d-642cfe566634\n\nThe response we received from your web server was:\n\n  > 600: Unknown Status Code\n\nThis was considered a failure because the status code was not `2xx` or `3xx`.\n\nIf you do not want status codes to cause failures pass the option: `failOnStatusCode: false`\n\n-----------------------------------------------------------\n\nThe request we sent was:\n\nMethod: GET\nURL: http://localhost:3000/api/products/a0f7c522-78f8-442e-a55d-642cfe566634\nHeaders: {\n  \"Connection\": \"keep-alive\",\n  \"user-agent\": \"Mozilla/5.0 (Macintosh; Intel Mac OS X 10_15_7) AppleWebKit/537.36 (KHTML, like Gecko) Cypress/13.7.0 Chrome/118.0.5993.159 Electron/27.1.3 Safari/537.36\",\n  \"accept\": \"*/*\",\n  \"accept-encoding\": \"gzip, deflate\"\n}\n\n-----------------------------------------------------------\n\nThe response we got was:\n\nStatus: 600 - Unknown Status Code\nHeaders: {\n  \"x-powered-by\": \"Express\",\n  \"access-control-allow-origin\": \"*\",\n  \"date\": \"Fri, 29 Mar 2024 14:03:54 GMT\",\n  \"connection\": \"keep-alive\",\n  \"keep-alive\": \"timeout=5\",\n  \"content-length\": \"0\"\n}\nBody: \n\n\nhttps://on.cypress.io/request\n    at <unknown> (http://localhost:5173/__cypress/runner/cypress_runner.js:133123:72)\n    at tryCatcher (http://localhost:5173/__cypress/runner/cypress_runner.js:1807:23)\n    at Promise._settlePromiseFromHandler (http://localhost:5173/__cypress/runner/cypress_runner.js:1519:31)\n    at Promise._settlePromise (http://localhost:5173/__cypress/runner/cypress_runner.js:1576:18)\n    at Promise._settlePromise0 (http://localhost:5173/__cypress/runner/cypress_runner.js:1621:10)\n    at Promise._settlePromises (http://localhost:5173/__cypress/runner/cypress_runner.js:1701:18)\n    at _drainQueueStep (http://localhost:5173/__cypress/runner/cypress_runner.js:2407:12)\n    at _drainQueue (http://localhost:5173/__cypress/runner/cypress_runner.js:2400:9)\n    at Async._drainQueues (http://localhost:5173/__cypress/runner/cypress_runner.js:2416:5)\n    at Async.drainQueues (http://localhost:5173/__cypress/runner/cypress_runner.js:2286:14)\nFrom Your Spec Code:\n    at eval (webpack://frontend/./cypress/e2e/common/orm.js:98:7)\nat new Promise (<anonymous>)\n    at getProduct (webpack://frontend/./cypress/e2e/common/orm.js:97:9)\n    at Context.eval (webpack://frontend/./cypress/e2e/frontend/view-product.cy.js:346:15)",
                "diff": null
              },
              "uuid": "2c5ac160-c566-40f4-b50b-3d1af1168e9f",
              "parentUUID": "351e1f6f-10ad-4f7e-8f2e-653215e8bee8",
              "isHook": false,
              "skipped": false
            },
            {
              "title": "pending countdown",
              "fullTitle": "Page /products/:productId pending countdown",
              "timedOut": null,
              "duration": 242,
              "state": "failed",
              "speed": null,
              "pass": false,
              "fail": true,
              "pending": false,
              "context": null,
              "code": "// Note : Vérifie le décompte du compte à rebours, afficher au format 9j 23h 59m 59s\n(0, _orm.createProduct)(\"ten_days_later\").then(({\n  product\n}) => {\n  cy.visit(`http://localhost:5173/products/${product.id}`);\n  cy.get(\"[data-test-countdown]\").should(\"contain.text\", \"9j 23h 59min\");\n  cy.get(\"[data-test-countdown]\").then(el => {\n    const instantOne = el.text();\n    expect(instantOne).to.match(/\\ds$/);\n    // eslint-disable-next-line cypress/no-unnecessary-waiting\n    cy.wait(1000);\n    cy.get(\"[data-test-countdown]\").then(el => {\n      const instantTwo = el.text();\n      expect(instantOne).to.match(/\\ds$/);\n      // eslint-disable-next-line cypress/no-unnecessary-waiting\n      cy.wait(1000);\n      expect(instantTwo).not.eq(instantOne);\n      cy.get(\"[data-test-countdown]\").then(el => {\n        const instantThree = el.text();\n        expect(instantOne).to.match(/\\ds$/);\n        // eslint-disable-next-line cypress/no-unnecessary-waiting\n        cy.wait(1000);\n        expect(instantThree).not.eq(instantTwo);\n      });\n    });\n  });\n});",
              "err": {
                "message": "CypressError: `cy.request()` failed on:\n\nhttp://localhost:3000/api/products\n\nThe response we received from your web server was:\n\n  > 600: Unknown Status Code\n\nThis was considered a failure because the status code was not `2xx` or `3xx`.\n\nIf you do not want status codes to cause failures pass the option: `failOnStatusCode: false`\n\n-----------------------------------------------------------\n\nThe request we sent was:\n\nMethod: POST\nURL: http://localhost:3000/api/products\nHeaders: {\n  \"Connection\": \"keep-alive\",\n  \"Authorization\": \"Bearer eyJhbGciOiJIUzI1NiIsInR5cCI6IkpXVCJ9.eyJpZCI6IjFmMmZhZGIxLTBkN2UtNDdhNy05ZDViLWVkMDMxZDY2NWQzZSIsInVzZXJuYW1lIjoiYWxpY2UiLCJlbWFpbCI6ImFsaWNlQGV4YW1wbGUuY29tIiwiYWRtaW4iOmZhbHNlLCJpYXQiOjE2Nzk2MTMwMzh9.KcT42jbNXfNR-0I-bTc_qNdAuCid640tXpkzUtDCoao\",\n  \"user-agent\": \"Mozilla/5.0 (Macintosh; Intel Mac OS X 10_15_7) AppleWebKit/537.36 (KHTML, like Gecko) Cypress/13.7.0 Chrome/118.0.5993.159 Electron/27.1.3 Safari/537.36\",\n  \"accept\": \"*/*\",\n  \"accept-encoding\": \"gzip, deflate\",\n  \"content-type\": \"application/json\",\n  \"content-length\": 249\n}\nBody: {\"name\":\"Aa Sed adipiscing ut\",\"description\":\"Tempor eiusmod dolor adipiscing eiusmod consectetur elit elit aliqua labore\",\"category\":\"dolore\",\"originalPrice\":8,\"pictureUrl\":\"https://picsum.photos/id/44/512/512\",\"endDate\":\"2024-04-08T14:03:54.697Z\"}\n\n-----------------------------------------------------------\n\nThe response we got was:\n\nStatus: 600 - Unknown Status Code\nHeaders: {\n  \"x-powered-by\": \"Express\",\n  \"access-control-allow-origin\": \"*\",\n  \"date\": \"Fri, 29 Mar 2024 14:03:54 GMT\",\n  \"connection\": \"keep-alive\",\n  \"keep-alive\": \"timeout=5\",\n  \"content-length\": \"0\"\n}\n\n\nhttps://on.cypress.io/request",
                "estack": "CypressError: `cy.request()` failed on:\n\nhttp://localhost:3000/api/products\n\nThe response we received from your web server was:\n\n  > 600: Unknown Status Code\n\nThis was considered a failure because the status code was not `2xx` or `3xx`.\n\nIf you do not want status codes to cause failures pass the option: `failOnStatusCode: false`\n\n-----------------------------------------------------------\n\nThe request we sent was:\n\nMethod: POST\nURL: http://localhost:3000/api/products\nHeaders: {\n  \"Connection\": \"keep-alive\",\n  \"Authorization\": \"Bearer eyJhbGciOiJIUzI1NiIsInR5cCI6IkpXVCJ9.eyJpZCI6IjFmMmZhZGIxLTBkN2UtNDdhNy05ZDViLWVkMDMxZDY2NWQzZSIsInVzZXJuYW1lIjoiYWxpY2UiLCJlbWFpbCI6ImFsaWNlQGV4YW1wbGUuY29tIiwiYWRtaW4iOmZhbHNlLCJpYXQiOjE2Nzk2MTMwMzh9.KcT42jbNXfNR-0I-bTc_qNdAuCid640tXpkzUtDCoao\",\n  \"user-agent\": \"Mozilla/5.0 (Macintosh; Intel Mac OS X 10_15_7) AppleWebKit/537.36 (KHTML, like Gecko) Cypress/13.7.0 Chrome/118.0.5993.159 Electron/27.1.3 Safari/537.36\",\n  \"accept\": \"*/*\",\n  \"accept-encoding\": \"gzip, deflate\",\n  \"content-type\": \"application/json\",\n  \"content-length\": 249\n}\nBody: {\"name\":\"Aa Sed adipiscing ut\",\"description\":\"Tempor eiusmod dolor adipiscing eiusmod consectetur elit elit aliqua labore\",\"category\":\"dolore\",\"originalPrice\":8,\"pictureUrl\":\"https://picsum.photos/id/44/512/512\",\"endDate\":\"2024-04-08T14:03:54.697Z\"}\n\n-----------------------------------------------------------\n\nThe response we got was:\n\nStatus: 600 - Unknown Status Code\nHeaders: {\n  \"x-powered-by\": \"Express\",\n  \"access-control-allow-origin\": \"*\",\n  \"date\": \"Fri, 29 Mar 2024 14:03:54 GMT\",\n  \"connection\": \"keep-alive\",\n  \"keep-alive\": \"timeout=5\",\n  \"content-length\": \"0\"\n}\n\n\nhttps://on.cypress.io/request\n    at <unknown> (http://localhost:5173/__cypress/runner/cypress_runner.js:133123:72)\n    at tryCatcher (http://localhost:5173/__cypress/runner/cypress_runner.js:1807:23)\n    at Promise._settlePromiseFromHandler (http://localhost:5173/__cypress/runner/cypress_runner.js:1519:31)\n    at Promise._settlePromise (http://localhost:5173/__cypress/runner/cypress_runner.js:1576:18)\n    at Promise._settlePromise0 (http://localhost:5173/__cypress/runner/cypress_runner.js:1621:10)\n    at Promise._settlePromises (http://localhost:5173/__cypress/runner/cypress_runner.js:1701:18)\n    at _drainQueueStep (http://localhost:5173/__cypress/runner/cypress_runner.js:2407:12)\n    at _drainQueue (http://localhost:5173/__cypress/runner/cypress_runner.js:2400:9)\n    at Async._drainQueues (http://localhost:5173/__cypress/runner/cypress_runner.js:2416:5)\n    at Async.drainQueues (http://localhost:5173/__cypress/runner/cypress_runner.js:2286:14)\nFrom Your Spec Code:\n    at eval (webpack://frontend/./cypress/e2e/common/orm.js:37:7)\nat new Promise (<anonymous>)\n    at createProduct (webpack://frontend/./cypress/e2e/common/orm.js:36:9)\n    at Context.eval (webpack://frontend/./cypress/e2e/frontend/view-product.cy.js:364:18)",
                "diff": null
              },
              "uuid": "48e8c710-0989-42f4-a11e-b090e7d9b2be",
              "parentUUID": "351e1f6f-10ad-4f7e-8f2e-653215e8bee8",
              "isHook": false,
              "skipped": false
            },
            {
              "title": "loading",
              "fullTitle": "Page /products/:productId loading",
              "timedOut": null,
              "duration": 4405,
              "state": "failed",
              "speed": null,
              "pass": false,
              "fail": true,
              "pending": false,
              "context": null,
              "code": "// Note : Vérifie la présence d'un spinner au chargement\ncy.intercept(\"http://localhost:3000/api/products\", {\n  delay: 10000\n});\ncy.visit(`http://localhost:5173/products/${_tokens.casserolesId}`);\ncy.get(\"[data-test-loading]\").should(\"exist\");\ncy.get(\"[data-test-error]\").should(\"not.exist\");\ncy.get(\"[data-test-product]\").should(\"not.exist\");",
              "err": {
                "message": "AssertionError: Timed out retrying after 4000ms: Expected <div.alert.alert-danger.mt-4> not to exist in the DOM, but it was continuously found.",
                "estack": "AssertionError: Timed out retrying after 4000ms: Expected <div.alert.alert-danger.mt-4> not to exist in the DOM, but it was continuously found.\n    at Context.eval (webpack://frontend/./cypress/e2e/frontend/view-product.cy.js:408:32)",
                "diff": null
              },
              "uuid": "fd526bbc-bfd5-4a42-b886-cdabed4b2246",
              "parentUUID": "351e1f6f-10ad-4f7e-8f2e-653215e8bee8",
              "isHook": false,
              "skipped": false
            },
            {
              "title": "error message",
              "fullTitle": "Page /products/:productId error message",
              "timedOut": null,
              "duration": 4524,
              "state": "failed",
              "speed": null,
              "pass": false,
              "fail": true,
              "pending": false,
              "context": null,
              "code": "// Note : Vérifie la présence d'une erreur en cas d'échec de chargement\ncy.intercept(`http://localhost:3000/api/products/${_tokens.casserolesId}`, {\n  status: 500,\n  response: {}\n});\ncy.visit(`http://localhost:5173/products/${_tokens.casserolesId}`);\ncy.get(\"[data-test-loading]\").should(\"not.exist\");\ncy.get(\"[data-test-error]\").should(\"exist\");\ncy.get(\"[data-test-product]\").should(\"not.exist\");",
              "err": {
                "message": "AssertionError: Timed out retrying after 4000ms: Expected <div.text-center.mt-4> not to exist in the DOM, but it was continuously found.",
                "estack": "AssertionError: Timed out retrying after 4000ms: Expected <div.text-center.mt-4> not to exist in the DOM, but it was continuously found.\n    at Context.eval (webpack://frontend/./cypress/e2e/frontend/view-product.cy.js:422:34)",
                "diff": null
              },
              "uuid": "df3ce3c3-00e1-4120-ac7f-7da3f12717de",
              "parentUUID": "351e1f6f-10ad-4f7e-8f2e-653215e8bee8",
              "isHook": false,
              "skipped": false
            },
            {
              "title": "ready",
              "fullTitle": "Page /products/:productId ready",
              "timedOut": null,
              "duration": 4491,
              "state": "failed",
              "speed": null,
              "pass": false,
              "fail": true,
              "pending": false,
              "context": null,
              "code": "// Note : Vérifie la présence du contenu quand tout s'est bien chargé\ncy.intercept(`http://localhost:3000/api/products/${_tokens.casserolesId}`);\ncy.visit(`http://localhost:5173/products/${_tokens.casserolesId}`);\ncy.get(\"[data-test-loading]\").should(\"not.exist\");\ncy.get(\"[data-test-error]\").should(\"not.exist\");\ncy.get(\"[data-test-product]\").should(\"exist\");",
              "err": {
                "message": "AssertionError: Timed out retrying after 4000ms: Expected <div.text-center.mt-4> not to exist in the DOM, but it was continuously found.",
                "estack": "AssertionError: Timed out retrying after 4000ms: Expected <div.text-center.mt-4> not to exist in the DOM, but it was continuously found.\n    at Context.eval (webpack://frontend/./cypress/e2e/frontend/view-product.cy.js:434:34)",
                "diff": null
              },
              "uuid": "99318559-1f91-42e5-b819-92bc2d46a751",
              "parentUUID": "351e1f6f-10ad-4f7e-8f2e-653215e8bee8",
              "isHook": false,
              "skipped": false
            }
          ],
          "suites": [],
          "passes": [],
          "failures": [
            "a47110cf-72e5-4c7a-b734-17ec0e6aa0e1",
            "5f19d201-c65b-4121-b9dc-cd6dbe95001c",
            "397ac50a-097e-4cd8-a77e-334f39ae9835",
            "04a3d51c-c27a-4b59-8dff-5bf99c149f06",
            "519a30e4-3306-4283-a7b2-49e514752887",
            "4763e590-9890-4b23-b998-97d760d545e6",
            "45bc5f1f-832b-42a9-a291-98525dcc6284",
            "9471e59c-d574-4d55-96ff-12d122b80f8a",
            "b7619d13-e878-4572-a500-16d3b79bfce6",
            "9712242d-f64f-4d11-99f9-7dcf6fe2aff0",
            "178cc7be-86fb-45da-965a-3a7075636013",
            "5fef65e6-51b8-4d68-a04d-0516e28ac147",
            "f83fb4e9-0658-49a5-a7b1-bb6ecf14b645",
            "15cd852c-3803-4e31-a9bf-df93e679ae70",
            "2f3efce7-1cca-4d32-a035-fb5ed2c4810f",
            "7f9da562-48cf-45f3-a82a-e4152c72fb64",
            "2c5ac160-c566-40f4-b50b-3d1af1168e9f",
            "48e8c710-0989-42f4-a11e-b090e7d9b2be",
            "fd526bbc-bfd5-4a42-b886-cdabed4b2246",
            "df3ce3c3-00e1-4120-ac7f-7da3f12717de",
            "99318559-1f91-42e5-b819-92bc2d46a751"
          ],
          "pending": [],
          "skipped": [],
          "duration": 57093,
          "root": false,
          "rootEmpty": false,
          "_timeout": 2000
        }
      ],
      "passes": [],
      "failures": [],
      "pending": [],
      "skipped": [],
      "duration": 0,
      "root": true,
      "rootEmpty": true,
      "_timeout": 2000
    }
  ],
  "meta": {
    "mocha": {
      "version": "7.0.1"
    },
    "mochawesome": {
      "options": {
        "quiet": false,
        "reportFilename": "mochawesome",
        "saveHtml": false,
        "saveJson": true,
        "consoleReporter": "spec",
        "useInlineDiffs": false,
        "code": true
      },
      "version": "7.1.3"
    },
    "marge": {
      "options": {
        "reportDir": "cypress/results",
        "overwrite": false,
        "html": false,
        "json": true
      },
      "version": "6.2.0"
    }
  }
}