{
  "stats": {
    "suites": 1,
    "tests": 3,
    "passes": 0,
    "pending": 0,
    "failures": 3,
    "start": "2024-03-29T16:00:52.642Z",
    "end": "2024-03-29T16:00:53.407Z",
    "duration": 765,
    "testsRegistered": 3,
    "passPercent": 0,
    "pendingPercent": 0,
    "other": 0,
    "hasOther": false,
    "skipped": 0,
    "hasSkipped": false
  },
  "results": [
    {
      "uuid": "d352d664-63ed-411c-adef-6d7d1054fd3e",
      "title": "",
      "fullFile": "cypress/e2e/frontend/edit-product.cy.js",
      "file": "cypress/e2e/frontend/edit-product.cy.js",
      "beforeHooks": [],
      "afterHooks": [],
      "tests": [],
      "suites": [
        {
          "uuid": "3b96f526-ce3b-4969-bb81-3824ac506512",
          "title": "Page /products/:productId/edit",
          "fullFile": "",
          "file": "",
          "beforeHooks": [],
          "afterHooks": [],
          "tests": [
            {
              "title": "post product",
              "fullTitle": "Page /products/:productId/edit post product",
              "timedOut": null,
              "duration": 282,
              "state": "failed",
              "speed": null,
              "pass": false,
              "fail": true,
              "pending": false,
              "context": null,
              "code": "(0, _orm.createProduct)().then(({\n  product\n}) => {\n  // Note : Test le scénario de modification de produit réussi\n  cy.visit(`http://localhost:5173/products/${product.id}/edit`, {\n    onBeforeLoad: function (window) {\n      window.localStorage.setItem(\"token\", _tokens.aliceToken);\n    }\n  });\n  const newProduct = (0, _orm.buildProduct)();\n  cy.get(\"[data-test-product-name]\").type(\"{selectAll}{del}\");\n  cy.get(\"[data-test-product-name]\").type(newProduct.name);\n  cy.get(\"[data-test-product-description]\").type(\"{selectAll}{del}\");\n  cy.get(\"[data-test-product-description]\").type(newProduct.description);\n  cy.get(\"[data-test-product-category]\").type(\"{selectAll}{del}\");\n  cy.get(\"[data-test-product-category]\").type(newProduct.category);\n  cy.get(\"[data-test-product-price]\").type(\"{selectAll}{del}\");\n  cy.get(\"[data-test-product-price]\").type(newProduct.originalPrice);\n  cy.get(\"[data-test-product-picture]\").type(\"{selectAll}{del}\");\n  cy.get(\"[data-test-product-picture]\").type(newProduct.pictureUrl);\n  cy.get(\"[data-test-product-end-date]\").type(\"{selectAll}{del}\");\n  cy.get(\"[data-test-product-end-date]\").type((0, _automate.prepareDateToType)(newProduct.endDate));\n  cy.intercept(\"PUT\", \"http://localhost:3000/api/products/\" + product.id).as(\"putProduct\");\n  cy.get(\"[data-test-submit]\").click();\n  cy.wait(\"@putProduct\").then(interception => {\n    expect(interception.response.statusCode).to.eq(200);\n    const id = interception.response.body.id;\n    cy.url().should(\"contain\", `/products/${id}`);\n  });\n});",
              "err": {
                "message": "CypressError: `cy.request()` failed on:\n\nhttp://localhost:3000/api/products\n\nThe response we received from your web server was:\n\n  > 600: Unknown Status Code\n\nThis was considered a failure because the status code was not `2xx` or `3xx`.\n\nIf you do not want status codes to cause failures pass the option: `failOnStatusCode: false`\n\n-----------------------------------------------------------\n\nThe request we sent was:\n\nMethod: POST\nURL: http://localhost:3000/api/products\nHeaders: {\n  \"Connection\": \"keep-alive\",\n  \"Authorization\": \"Bearer eyJhbGciOiJIUzI1NiIsInR5cCI6IkpXVCJ9.eyJpZCI6IjFmMmZhZGIxLTBkN2UtNDdhNy05ZDViLWVkMDMxZDY2NWQzZSIsInVzZXJuYW1lIjoiYWxpY2UiLCJlbWFpbCI6ImFsaWNlQGV4YW1wbGUuY29tIiwiYWRtaW4iOmZhbHNlLCJpYXQiOjE2Nzk2MTMwMzh9.KcT42jbNXfNR-0I-bTc_qNdAuCid640tXpkzUtDCoao\",\n  \"user-agent\": \"Mozilla/5.0 (Macintosh; Intel Mac OS X 10_15_7) AppleWebKit/537.36 (KHTML, like Gecko) Cypress/13.7.0 Chrome/118.0.5993.159 Electron/27.1.3 Safari/537.36\",\n  \"accept\": \"*/*\",\n  \"accept-encoding\": \"gzip, deflate\",\n  \"content-type\": \"application/json\",\n  \"content-length\": 231\n}\nBody: {\"name\":\"Aa Eiusmod magna ut\",\"description\":\"Lliqua labore amet tempor sed incididunt ipsum sed sit et\",\"category\":\"tempor\",\"originalPrice\":54,\"pictureUrl\":\"https://picsum.photos/id/94/512/512\",\"endDate\":\"2024-04-04T16:00:52.738Z\"}\n\n-----------------------------------------------------------\n\nThe response we got was:\n\nStatus: 600 - Unknown Status Code\nHeaders: {\n  \"x-powered-by\": \"Express\",\n  \"access-control-allow-origin\": \"*\",\n  \"date\": \"Fri, 29 Mar 2024 16:00:52 GMT\",\n  \"connection\": \"keep-alive\",\n  \"keep-alive\": \"timeout=5\",\n  \"content-length\": \"0\"\n}\n\n\nhttps://on.cypress.io/request",
                "estack": "CypressError: `cy.request()` failed on:\n\nhttp://localhost:3000/api/products\n\nThe response we received from your web server was:\n\n  > 600: Unknown Status Code\n\nThis was considered a failure because the status code was not `2xx` or `3xx`.\n\nIf you do not want status codes to cause failures pass the option: `failOnStatusCode: false`\n\n-----------------------------------------------------------\n\nThe request we sent was:\n\nMethod: POST\nURL: http://localhost:3000/api/products\nHeaders: {\n  \"Connection\": \"keep-alive\",\n  \"Authorization\": \"Bearer eyJhbGciOiJIUzI1NiIsInR5cCI6IkpXVCJ9.eyJpZCI6IjFmMmZhZGIxLTBkN2UtNDdhNy05ZDViLWVkMDMxZDY2NWQzZSIsInVzZXJuYW1lIjoiYWxpY2UiLCJlbWFpbCI6ImFsaWNlQGV4YW1wbGUuY29tIiwiYWRtaW4iOmZhbHNlLCJpYXQiOjE2Nzk2MTMwMzh9.KcT42jbNXfNR-0I-bTc_qNdAuCid640tXpkzUtDCoao\",\n  \"user-agent\": \"Mozilla/5.0 (Macintosh; Intel Mac OS X 10_15_7) AppleWebKit/537.36 (KHTML, like Gecko) Cypress/13.7.0 Chrome/118.0.5993.159 Electron/27.1.3 Safari/537.36\",\n  \"accept\": \"*/*\",\n  \"accept-encoding\": \"gzip, deflate\",\n  \"content-type\": \"application/json\",\n  \"content-length\": 231\n}\nBody: {\"name\":\"Aa Eiusmod magna ut\",\"description\":\"Lliqua labore amet tempor sed incididunt ipsum sed sit et\",\"category\":\"tempor\",\"originalPrice\":54,\"pictureUrl\":\"https://picsum.photos/id/94/512/512\",\"endDate\":\"2024-04-04T16:00:52.738Z\"}\n\n-----------------------------------------------------------\n\nThe response we got was:\n\nStatus: 600 - Unknown Status Code\nHeaders: {\n  \"x-powered-by\": \"Express\",\n  \"access-control-allow-origin\": \"*\",\n  \"date\": \"Fri, 29 Mar 2024 16:00:52 GMT\",\n  \"connection\": \"keep-alive\",\n  \"keep-alive\": \"timeout=5\",\n  \"content-length\": \"0\"\n}\n\n\nhttps://on.cypress.io/request\n    at <unknown> (http://localhost:60693/__cypress/runner/cypress_runner.js:133123:72)\n    at tryCatcher (http://localhost:60693/__cypress/runner/cypress_runner.js:1807:23)\n    at Promise._settlePromiseFromHandler (http://localhost:60693/__cypress/runner/cypress_runner.js:1519:31)\n    at Promise._settlePromise (http://localhost:60693/__cypress/runner/cypress_runner.js:1576:18)\n    at Promise._settlePromise0 (http://localhost:60693/__cypress/runner/cypress_runner.js:1621:10)\n    at Promise._settlePromises (http://localhost:60693/__cypress/runner/cypress_runner.js:1701:18)\n    at _drainQueueStep (http://localhost:60693/__cypress/runner/cypress_runner.js:2407:12)\n    at _drainQueue (http://localhost:60693/__cypress/runner/cypress_runner.js:2400:9)\n    at Async._drainQueues (http://localhost:60693/__cypress/runner/cypress_runner.js:2416:5)\n    at Async.drainQueues (http://localhost:60693/__cypress/runner/cypress_runner.js:2286:14)\nFrom Your Spec Code:\n    at eval (webpack://frontend/./cypress/e2e/common/orm.js:37:7)\nat new Promise (<anonymous>)\n    at createProduct (webpack://frontend/./cypress/e2e/common/orm.js:36:9)\n    at Context.eval (webpack://frontend/./cypress/e2e/frontend/edit-product.cy.js:11:18)",
                "diff": null
              },
              "uuid": "804878a9-b58c-4e33-8d86-c32c2733eecf",
              "parentUUID": "3b96f526-ce3b-4969-bb81-3824ac506512",
              "isHook": false,
              "skipped": false
            },
            {
              "title": "display spinner",
              "fullTitle": "Page /products/:productId/edit display spinner",
              "timedOut": null,
              "duration": 210,
              "state": "failed",
              "speed": null,
              "pass": false,
              "fail": true,
              "pending": false,
              "context": null,
              "code": "// Note : Test la présence d'un spinner lors de l'envoi de la requête\n(0, _orm.createProduct)().then(({\n  product\n}) => {\n  cy.visit(`http://localhost:5173/products/${product.id}/edit`, {\n    onBeforeLoad: function (window) {\n      window.localStorage.setItem(\"token\", _tokens.aliceToken);\n    }\n  });\n  const newProduct = (0, _orm.buildProduct)();\n  cy.get(\"[data-test-product-name]\").type(\"{selectAll}{del}\");\n  cy.get(\"[data-test-product-name]\").type(newProduct.name);\n  cy.get(\"[data-test-product-description]\").type(\"{selectAll}{del}\");\n  cy.get(\"[data-test-product-description]\").type(newProduct.description);\n  cy.get(\"[data-test-product-category]\").type(\"{selectAll}{del}\");\n  cy.get(\"[data-test-product-category]\").type(newProduct.category);\n  cy.get(\"[data-test-product-price]\").type(\"{selectAll}{del}\");\n  cy.get(\"[data-test-product-price]\").type(newProduct.originalPrice);\n  cy.get(\"[data-test-product-picture]\").type(\"{selectAll}{del}\");\n  cy.get(\"[data-test-product-picture]\").type(newProduct.pictureUrl);\n  cy.get(\"[data-test-product-end-date]\").type(\"{selectAll}{del}\");\n  cy.get(\"[data-test-product-end-date]\").type((0, _automate.prepareDateToType)(newProduct.endDate));\n  cy.intercept(\"PUT\", \"http://localhost:3000/api/products/\" + product.id, {\n    delay: 2000\n  }).as(\"putProduct\");\n  cy.get(\"[data-test-submit]\").click();\n  cy.get(\"[data-test-submit]\").should(\"have.attr\", \"disabled\");\n  cy.get(\"[data-test-spinner]\").should(\"exist\");\n});",
              "err": {
                "message": "CypressError: `cy.request()` failed on:\n\nhttp://localhost:3000/api/products\n\nThe response we received from your web server was:\n\n  > 600: Unknown Status Code\n\nThis was considered a failure because the status code was not `2xx` or `3xx`.\n\nIf you do not want status codes to cause failures pass the option: `failOnStatusCode: false`\n\n-----------------------------------------------------------\n\nThe request we sent was:\n\nMethod: POST\nURL: http://localhost:3000/api/products\nHeaders: {\n  \"Connection\": \"keep-alive\",\n  \"Authorization\": \"Bearer eyJhbGciOiJIUzI1NiIsInR5cCI6IkpXVCJ9.eyJpZCI6IjFmMmZhZGIxLTBkN2UtNDdhNy05ZDViLWVkMDMxZDY2NWQzZSIsInVzZXJuYW1lIjoiYWxpY2UiLCJlbWFpbCI6ImFsaWNlQGV4YW1wbGUuY29tIiwiYWRtaW4iOmZhbHNlLCJpYXQiOjE2Nzk2MTMwMzh9.KcT42jbNXfNR-0I-bTc_qNdAuCid640tXpkzUtDCoao\",\n  \"user-agent\": \"Mozilla/5.0 (Macintosh; Intel Mac OS X 10_15_7) AppleWebKit/537.36 (KHTML, like Gecko) Cypress/13.7.0 Chrome/118.0.5993.159 Electron/27.1.3 Safari/537.36\",\n  \"accept\": \"*/*\",\n  \"accept-encoding\": \"gzip, deflate\",\n  \"content-type\": \"application/json\",\n  \"content-length\": 228\n}\nBody: {\"name\":\"Aa Tit lorem tempor\",\"description\":\"Dit labore do labore dolor aliqua sit et incididunt amet\",\"category\":\"amet\",\"originalPrice\":35,\"pictureUrl\":\"https://picsum.photos/id/45/512/512\",\"endDate\":\"2024-03-30T16:00:53.004Z\"}\n\n-----------------------------------------------------------\n\nThe response we got was:\n\nStatus: 600 - Unknown Status Code\nHeaders: {\n  \"x-powered-by\": \"Express\",\n  \"access-control-allow-origin\": \"*\",\n  \"date\": \"Fri, 29 Mar 2024 16:00:53 GMT\",\n  \"connection\": \"keep-alive\",\n  \"keep-alive\": \"timeout=5\",\n  \"content-length\": \"0\"\n}\n\n\nhttps://on.cypress.io/request",
                "estack": "CypressError: `cy.request()` failed on:\n\nhttp://localhost:3000/api/products\n\nThe response we received from your web server was:\n\n  > 600: Unknown Status Code\n\nThis was considered a failure because the status code was not `2xx` or `3xx`.\n\nIf you do not want status codes to cause failures pass the option: `failOnStatusCode: false`\n\n-----------------------------------------------------------\n\nThe request we sent was:\n\nMethod: POST\nURL: http://localhost:3000/api/products\nHeaders: {\n  \"Connection\": \"keep-alive\",\n  \"Authorization\": \"Bearer eyJhbGciOiJIUzI1NiIsInR5cCI6IkpXVCJ9.eyJpZCI6IjFmMmZhZGIxLTBkN2UtNDdhNy05ZDViLWVkMDMxZDY2NWQzZSIsInVzZXJuYW1lIjoiYWxpY2UiLCJlbWFpbCI6ImFsaWNlQGV4YW1wbGUuY29tIiwiYWRtaW4iOmZhbHNlLCJpYXQiOjE2Nzk2MTMwMzh9.KcT42jbNXfNR-0I-bTc_qNdAuCid640tXpkzUtDCoao\",\n  \"user-agent\": \"Mozilla/5.0 (Macintosh; Intel Mac OS X 10_15_7) AppleWebKit/537.36 (KHTML, like Gecko) Cypress/13.7.0 Chrome/118.0.5993.159 Electron/27.1.3 Safari/537.36\",\n  \"accept\": \"*/*\",\n  \"accept-encoding\": \"gzip, deflate\",\n  \"content-type\": \"application/json\",\n  \"content-length\": 228\n}\nBody: {\"name\":\"Aa Tit lorem tempor\",\"description\":\"Dit labore do labore dolor aliqua sit et incididunt amet\",\"category\":\"amet\",\"originalPrice\":35,\"pictureUrl\":\"https://picsum.photos/id/45/512/512\",\"endDate\":\"2024-03-30T16:00:53.004Z\"}\n\n-----------------------------------------------------------\n\nThe response we got was:\n\nStatus: 600 - Unknown Status Code\nHeaders: {\n  \"x-powered-by\": \"Express\",\n  \"access-control-allow-origin\": \"*\",\n  \"date\": \"Fri, 29 Mar 2024 16:00:53 GMT\",\n  \"connection\": \"keep-alive\",\n  \"keep-alive\": \"timeout=5\",\n  \"content-length\": \"0\"\n}\n\n\nhttps://on.cypress.io/request\n    at <unknown> (http://localhost:60693/__cypress/runner/cypress_runner.js:133123:72)\n    at tryCatcher (http://localhost:60693/__cypress/runner/cypress_runner.js:1807:23)\n    at Promise._settlePromiseFromHandler (http://localhost:60693/__cypress/runner/cypress_runner.js:1519:31)\n    at Promise._settlePromise (http://localhost:60693/__cypress/runner/cypress_runner.js:1576:18)\n    at Promise._settlePromise0 (http://localhost:60693/__cypress/runner/cypress_runner.js:1621:10)\n    at Promise._settlePromises (http://localhost:60693/__cypress/runner/cypress_runner.js:1701:18)\n    at _drainQueueStep (http://localhost:60693/__cypress/runner/cypress_runner.js:2407:12)\n    at _drainQueue (http://localhost:60693/__cypress/runner/cypress_runner.js:2400:9)\n    at Async._drainQueues (http://localhost:60693/__cypress/runner/cypress_runner.js:2416:5)\n    at Async.drainQueues (http://localhost:60693/__cypress/runner/cypress_runner.js:2286:14)\nFrom Your Spec Code:\n    at eval (webpack://frontend/./cypress/e2e/common/orm.js:37:7)\nat new Promise (<anonymous>)\n    at createProduct (webpack://frontend/./cypress/e2e/common/orm.js:36:9)\n    at Context.eval (webpack://frontend/./cypress/e2e/frontend/edit-product.cy.js:57:18)",
                "diff": null
              },
              "uuid": "74722065-c59d-46bc-b6a5-3342b55f677a",
              "parentUUID": "3b96f526-ce3b-4969-bb81-3824ac506512",
              "isHook": false,
              "skipped": false
            },
            {
              "title": "display error",
              "fullTitle": "Page /products/:productId/edit display error",
              "timedOut": null,
              "duration": 197,
              "state": "failed",
              "speed": null,
              "pass": false,
              "fail": true,
              "pending": false,
              "context": null,
              "code": "// Note : Test le scénario d'un ajout de produit avec un échec\n(0, _orm.createProduct)().then(({\n  product\n}) => {\n  cy.visit(`http://localhost:5173/products/${product.id}/edit`, {\n    onBeforeLoad: function (window) {\n      window.localStorage.setItem(\"token\", _tokens.aliceToken);\n    }\n  });\n  cy.get(\"[data-test-error]\").should(\"not.exist\");\n  const newProduct = (0, _orm.buildProduct)();\n  cy.get(\"[data-test-product-name]\").type(\"{selectAll}{del}\");\n  cy.get(\"[data-test-product-name]\").type(newProduct.name);\n  cy.get(\"[data-test-product-description]\").type(\"{selectAll}{del}\");\n  cy.get(\"[data-test-product-description]\").type(newProduct.description);\n  cy.get(\"[data-test-product-category]\").type(\"{selectAll}{del}\");\n  cy.get(\"[data-test-product-category]\").type(newProduct.category);\n  cy.get(\"[data-test-product-price]\").type(\"{selectAll}{del}\");\n  cy.get(\"[data-test-product-price]\").type(newProduct.originalPrice);\n  cy.get(\"[data-test-product-picture]\").type(\"{selectAll}{del}\");\n  cy.get(\"[data-test-product-picture]\").type(newProduct.pictureUrl);\n  cy.get(\"[data-test-product-end-date]\").type(\"{selectAll}{del}\");\n  cy.get(\"[data-test-product-end-date]\").type((0, _automate.prepareDateToType)(newProduct.endDate));\n  cy.intercept(\"PUT\", \"http://localhost:3000/api/products/\" + product.id, {\n    statusCode: 500\n  }).as(\"putProduct\");\n  cy.get(\"[data-test-submit]\").click();\n  cy.get(\"[data-test-error]\").should(\"exist\");\n});",
              "err": {
                "message": "CypressError: `cy.request()` failed on:\n\nhttp://localhost:3000/api/products\n\nThe response we received from your web server was:\n\n  > 600: Unknown Status Code\n\nThis was considered a failure because the status code was not `2xx` or `3xx`.\n\nIf you do not want status codes to cause failures pass the option: `failOnStatusCode: false`\n\n-----------------------------------------------------------\n\nThe request we sent was:\n\nMethod: POST\nURL: http://localhost:3000/api/products\nHeaders: {\n  \"Connection\": \"keep-alive\",\n  \"Authorization\": \"Bearer eyJhbGciOiJIUzI1NiIsInR5cCI6IkpXVCJ9.eyJpZCI6IjFmMmZhZGIxLTBkN2UtNDdhNy05ZDViLWVkMDMxZDY2NWQzZSIsInVzZXJuYW1lIjoiYWxpY2UiLCJlbWFpbCI6ImFsaWNlQGV4YW1wbGUuY29tIiwiYWRtaW4iOmZhbHNlLCJpYXQiOjE2Nzk2MTMwMzh9.KcT42jbNXfNR-0I-bTc_qNdAuCid640tXpkzUtDCoao\",\n  \"user-agent\": \"Mozilla/5.0 (Macintosh; Intel Mac OS X 10_15_7) AppleWebKit/537.36 (KHTML, like Gecko) Cypress/13.7.0 Chrome/118.0.5993.159 Electron/27.1.3 Safari/537.36\",\n  \"accept\": \"*/*\",\n  \"accept-encoding\": \"gzip, deflate\",\n  \"content-type\": \"application/json\",\n  \"content-length\": 244\n}\nBody: {\"name\":\"Aa Eit aliqua dolor\",\"description\":\"Sdipiscing do amet labore tempor et consectetur aliqua adipiscing lorem\",\"category\":\"dolor\",\"originalPrice\":87,\"pictureUrl\":\"https://picsum.photos/id/33/512/512\",\"endDate\":\"2024-04-02T16:00:53.229Z\"}\n\n-----------------------------------------------------------\n\nThe response we got was:\n\nStatus: 600 - Unknown Status Code\nHeaders: {\n  \"x-powered-by\": \"Express\",\n  \"access-control-allow-origin\": \"*\",\n  \"date\": \"Fri, 29 Mar 2024 16:00:53 GMT\",\n  \"connection\": \"keep-alive\",\n  \"keep-alive\": \"timeout=5\",\n  \"content-length\": \"0\"\n}\n\n\nhttps://on.cypress.io/request",
                "estack": "CypressError: `cy.request()` failed on:\n\nhttp://localhost:3000/api/products\n\nThe response we received from your web server was:\n\n  > 600: Unknown Status Code\n\nThis was considered a failure because the status code was not `2xx` or `3xx`.\n\nIf you do not want status codes to cause failures pass the option: `failOnStatusCode: false`\n\n-----------------------------------------------------------\n\nThe request we sent was:\n\nMethod: POST\nURL: http://localhost:3000/api/products\nHeaders: {\n  \"Connection\": \"keep-alive\",\n  \"Authorization\": \"Bearer eyJhbGciOiJIUzI1NiIsInR5cCI6IkpXVCJ9.eyJpZCI6IjFmMmZhZGIxLTBkN2UtNDdhNy05ZDViLWVkMDMxZDY2NWQzZSIsInVzZXJuYW1lIjoiYWxpY2UiLCJlbWFpbCI6ImFsaWNlQGV4YW1wbGUuY29tIiwiYWRtaW4iOmZhbHNlLCJpYXQiOjE2Nzk2MTMwMzh9.KcT42jbNXfNR-0I-bTc_qNdAuCid640tXpkzUtDCoao\",\n  \"user-agent\": \"Mozilla/5.0 (Macintosh; Intel Mac OS X 10_15_7) AppleWebKit/537.36 (KHTML, like Gecko) Cypress/13.7.0 Chrome/118.0.5993.159 Electron/27.1.3 Safari/537.36\",\n  \"accept\": \"*/*\",\n  \"accept-encoding\": \"gzip, deflate\",\n  \"content-type\": \"application/json\",\n  \"content-length\": 244\n}\nBody: {\"name\":\"Aa Eit aliqua dolor\",\"description\":\"Sdipiscing do amet labore tempor et consectetur aliqua adipiscing lorem\",\"category\":\"dolor\",\"originalPrice\":87,\"pictureUrl\":\"https://picsum.photos/id/33/512/512\",\"endDate\":\"2024-04-02T16:00:53.229Z\"}\n\n-----------------------------------------------------------\n\nThe response we got was:\n\nStatus: 600 - Unknown Status Code\nHeaders: {\n  \"x-powered-by\": \"Express\",\n  \"access-control-allow-origin\": \"*\",\n  \"date\": \"Fri, 29 Mar 2024 16:00:53 GMT\",\n  \"connection\": \"keep-alive\",\n  \"keep-alive\": \"timeout=5\",\n  \"content-length\": \"0\"\n}\n\n\nhttps://on.cypress.io/request\n    at <unknown> (http://localhost:60693/__cypress/runner/cypress_runner.js:133123:72)\n    at tryCatcher (http://localhost:60693/__cypress/runner/cypress_runner.js:1807:23)\n    at Promise._settlePromiseFromHandler (http://localhost:60693/__cypress/runner/cypress_runner.js:1519:31)\n    at Promise._settlePromise (http://localhost:60693/__cypress/runner/cypress_runner.js:1576:18)\n    at Promise._settlePromise0 (http://localhost:60693/__cypress/runner/cypress_runner.js:1621:10)\n    at Promise._settlePromises (http://localhost:60693/__cypress/runner/cypress_runner.js:1701:18)\n    at _drainQueueStep (http://localhost:60693/__cypress/runner/cypress_runner.js:2407:12)\n    at _drainQueue (http://localhost:60693/__cypress/runner/cypress_runner.js:2400:9)\n    at Async._drainQueues (http://localhost:60693/__cypress/runner/cypress_runner.js:2416:5)\n    at Async.drainQueues (http://localhost:60693/__cypress/runner/cypress_runner.js:2286:14)\nFrom Your Spec Code:\n    at eval (webpack://frontend/./cypress/e2e/common/orm.js:37:7)\nat new Promise (<anonymous>)\n    at createProduct (webpack://frontend/./cypress/e2e/common/orm.js:36:9)\n    at Context.eval (webpack://frontend/./cypress/e2e/frontend/edit-product.cy.js:95:18)",
                "diff": null
              },
              "uuid": "433b61eb-eada-4a90-8681-3eaadc7a7c0a",
              "parentUUID": "3b96f526-ce3b-4969-bb81-3824ac506512",
              "isHook": false,
              "skipped": false
            }
          ],
          "suites": [],
          "passes": [],
          "failures": [
            "804878a9-b58c-4e33-8d86-c32c2733eecf",
            "74722065-c59d-46bc-b6a5-3342b55f677a",
            "433b61eb-eada-4a90-8681-3eaadc7a7c0a"
          ],
          "pending": [],
          "skipped": [],
          "duration": 689,
          "root": false,
          "rootEmpty": false,
          "_timeout": 2000
        }
      ],
      "passes": [],
      "failures": [],
      "pending": [],
      "skipped": [],
      "duration": 0,
      "root": true,
      "rootEmpty": true,
      "_timeout": 2000
    }
  ],
  "meta": {
    "mocha": {
      "version": "7.0.1"
    },
    "mochawesome": {
      "options": {
        "quiet": false,
        "reportFilename": "mochawesome",
        "saveHtml": false,
        "saveJson": true,
        "consoleReporter": "spec",
        "useInlineDiffs": false,
        "code": true
      },
      "version": "7.1.3"
    },
    "marge": {
      "options": {
        "reportDir": "cypress/results",
        "overwrite": false,
        "html": false,
        "json": true
      },
      "version": "6.2.0"
    }
  }
}